This is pdfTeX, Version 3.141592653-2.6-1.40.23 (MiKTeX 21.8) (preloaded format=pdflatex 2021.10.16)  17 OCT 2021 04:42
entering extended mode
**d:/Desarrollo/LaTeX/Informes_HTB/main.tex
(d:/Desarrollo/LaTeX/Informes_HTB/main.tex
LaTeX2e <2021-06-01> patch level 1
L3 programming layer <2021-08-27> (C:\Users\Alfonso Suarez\AppData\Local\Programs\MiKTeX\tex/latex/base\article.cls
Document Class: article 2021/02/12 v1.4n Standard LaTeX document class
(C:\Users\Alfonso Suarez\AppData\Local\Programs\MiKTeX\tex/latex/base\size10.clo
File: size10.clo 2021/02/12 v1.4n Standard LaTeX file (size option)
)
\c@part=\count182
\c@section=\count183
\c@subsection=\count184
\c@subsubsection=\count185
\c@paragraph=\count186
\c@subparagraph=\count187
\c@figure=\count188
\c@table=\count189
\abovecaptionskip=\skip47
\belowcaptionskip=\skip48
\bibindent=\dimen138
) (C:\Users\Alfonso Suarez\AppData\Local\Programs\MiKTeX\tex/latex/geometry\geometry.sty
Package: geometry 2020/01/02 v5.9 Page Geometry
 (C:\Users\Alfonso Suarez\AppData\Local\Programs\MiKTeX\tex/latex/graphics\keyval.sty
Package: keyval 2014/10/28 v1.15 key=value parser (DPC)
\KV@toks@=\toks16
) (C:\Users\Alfonso Suarez\AppData\Local\Programs\MiKTeX\tex/generic/iftex\ifvtex.sty
Package: ifvtex 2019/10/25 v1.7 ifvtex legacy package. Use iftex instead.
 (C:\Users\Alfonso Suarez\AppData\Local\Programs\MiKTeX\tex/generic/iftex\iftex.sty
Package: iftex 2020/03/06 v1.0d TeX engine tests
))
\Gm@cnth=\count190
\Gm@cntv=\count191
\c@Gm@tempcnt=\count192
\Gm@bindingoffset=\dimen139
\Gm@wd@mp=\dimen140
\Gm@odd@mp=\dimen141
\Gm@even@mp=\dimen142
\Gm@layoutwidth=\dimen143
\Gm@layoutheight=\dimen144
\Gm@layouthoffset=\dimen145
\Gm@layoutvoffset=\dimen146
\Gm@dimlist=\toks17
 (C:\Users\Alfonso Suarez\AppData\Local\Programs\MiKTeX\tex/latex/geometry\geometry.cfg)) (C:\Users\Alfonso Suarez\AppData\Local\Programs\MiKTeX\tex/generic/babel\babel.sty
Package: babel 2021/07/22 3.63 The Babel package
 (C:\Users\Alfonso Suarez\AppData\Local\Programs\MiKTeX\tex/generic/babel\babel.def
File: babel.def 2021/07/22 3.63 Babel common definitions
\babel@savecnt=\count193
\U@D=\dimen147
\l@unhyphenated=\language79
 (C:\Users\Alfonso Suarez\AppData\Local\Programs\MiKTeX\tex/generic/babel\txtbabel.def)
\bbl@readstream=\read2
)
\bbl@dirlevel=\count194

*************************************
* Local config file bblopts.cfg used
*
(C:\Users\Alfonso Suarez\AppData\Local\Programs\MiKTeX\tex/latex/arabi\bblopts.cfg
File: bblopts.cfg 2005/09/08 v0.1 add Arabic and Farsi to "declared" options of babel
) (C:\Users\Alfonso Suarez\AppData\Local\Programs\MiKTeX\tex/latex/babel-spanish\spanish.ldf
Language: spanish.ldf 2021/05/27 v5.0q Spanish support from the babel system
\es@quottoks=\toks18
\es@quotdepth=\count195
Package babel Info: Making " an active character on input line 570.
Package babel Info: Making . an active character on input line 675.
Package babel Info: Making < an active character on input line 722.
Package babel Info: Making > an active character on input line 722.
)) (C:\Users\Alfonso Suarez\AppData\Local\Programs\MiKTeX\tex/latex/parskip\parskip.sty
Package: parskip 2021-03-14 v2.0h non-zero parskip adjustments
 (C:\Users\Alfonso Suarez\AppData\Local\Programs\MiKTeX\tex/latex/kvoptions\kvoptions.sty
Package: kvoptions 2020-10-07 v3.14 Key value format for package options (HO)
 (C:\Users\Alfonso Suarez\AppData\Local\Programs\MiKTeX\tex/generic/ltxcmds\ltxcmds.sty
Package: ltxcmds 2020-05-10 v1.25 LaTeX kernel commands for general use (HO)
) (C:\Users\Alfonso Suarez\AppData\Local\Programs\MiKTeX\tex/generic/kvsetkeys\kvsetkeys.sty
Package: kvsetkeys 2019/12/15 v1.18 Key value parser (HO)
)) (C:\Users\Alfonso Suarez\AppData\Local\Programs\MiKTeX\tex/latex/etoolbox\etoolbox.sty
Package: etoolbox 2020/10/05 v2.5k e-TeX tools for LaTeX (JAW)
\etb@tempcnta=\count196
)) (C:\Users\Alfonso Suarez\AppData\Local\Programs\MiKTeX\tex/latex/setspace\setspace.sty
Package: setspace 2011/12/19 v6.7a set line spacing
) (C:\Users\Alfonso Suarez\AppData\Local\Programs\MiKTeX\tex/latex/graphics\graphicx.sty
Package: graphicx 2020/12/05 v1.2c Enhanced LaTeX Graphics (DPC,SPQR)
 (C:\Users\Alfonso Suarez\AppData\Local\Programs\MiKTeX\tex/latex/graphics\graphics.sty
Package: graphics 2021/03/04 v1.4d Standard LaTeX Graphics (DPC,SPQR)
 (C:\Users\Alfonso Suarez\AppData\Local\Programs\MiKTeX\tex/latex/graphics\trig.sty
Package: trig 2016/01/03 v1.10 sin cos tan (DPC)
) (C:\Users\Alfonso Suarez\AppData\Local\Programs\MiKTeX\tex/latex/graphics-cfg\graphics.cfg
File: graphics.cfg 2016/06/04 v1.11 sample graphics configuration
)
Package graphics Info: Driver file: pdftex.def on input line 107.
 (C:\Users\Alfonso Suarez\AppData\Local\Programs\MiKTeX\tex/latex/graphics-def\pdftex.def
File: pdftex.def 2020/10/05 v1.2a Graphics/color driver for pdftex
))
\Gin@req@height=\dimen148
\Gin@req@width=\dimen149
) (C:\Users\Alfonso Suarez\AppData\Local\Programs\MiKTeX\tex/latex/fancyhdr\fancyhdr.sty
Package: fancyhdr 2021/01/28 v4.0.1 Extensive control of page headers and footers
\f@nch@headwidth=\skip49
\f@nch@O@elh=\skip50
\f@nch@O@erh=\skip51
\f@nch@O@olh=\skip52
\f@nch@O@orh=\skip53
\f@nch@O@elf=\skip54
\f@nch@O@erf=\skip55
\f@nch@O@olf=\skip56
\f@nch@O@orf=\skip57
) (C:\Users\Alfonso Suarez\AppData\Local\Programs\MiKTeX\tex/latex/blindtext\blindtext.sty
Package: blindtext 2012/01/06 V2.0 blindtext-Package
 (C:\Users\Alfonso Suarez\AppData\Local\Programs\MiKTeX\tex/latex/tools\xspace.sty
Package: xspace 2014/10/28 v1.13 Space after command names (DPC,MH)
)
\c@blindtext=\count197
\c@Blindtext=\count198
\c@blind@countparstart=\count199
\blind@countxx=\count266
\blindtext@numBlindtext=\count267
\blind@countyy=\count268
\c@blindlist=\count269
\c@blindlistlevel=\count270
\c@blindlist@level=\count271
\blind@listitem=\count272
\c@blind@listcount=\count273
\c@blind@levelcount=\count274
\blind@mathformula=\count275
\blind@Mathformula=\count276
\c@blind@randomcount=\count277
\c@blind@randommax=\count278
\c@blind@pangramcount=\count279
\c@blind@pangrammax=\count280
) (C:\Users\Alfonso Suarez\AppData\Local\Programs\MiKTeX\tex/latex/base\makeidx.sty
Package: makeidx 2014/09/29 v1.0m Standard LaTeX package
) (C:\Users\Alfonso Suarez\AppData\Local\Programs\MiKTeX\tex/latex/graphics\lscape.sty
Package: lscape 2020/05/28 v3.02 Landscape Pages (DPC)
) (C:\Users\Alfonso Suarez\AppData\Local\Programs\MiKTeX\tex/latex/pdflscape\pdflscape.sty
Package: pdflscape 2019/12/05 v0.12 Display of landscape pages in PDF (HO)
Package pdflscape Info: Auto-detected driver: pdftex on input line 81.
) (C:\Users\Alfonso Suarez\AppData\Local\Programs\MiKTeX\tex/latex/pdfpages\pdfpages.sty
Package: pdfpages 2021/03/06 v0.5t Insert pages of external PDF documents (AM)
 (C:\Users\Alfonso Suarez\AppData\Local\Programs\MiKTeX\tex/latex/base\ifthen.sty
Package: ifthen 2020/11/24 v1.1c Standard LaTeX ifthen package (DPC)
) (C:\Users\Alfonso Suarez\AppData\Local\Programs\MiKTeX\tex/latex/tools\calc.sty
Package: calc 2017/05/25 v4.3 Infix arithmetic (KKT,FJ)
\calc@Acount=\count281
\calc@Bcount=\count282
\calc@Adimen=\dimen150
\calc@Bdimen=\dimen151
\calc@Askip=\skip58
\calc@Bskip=\skip59
LaTeX Info: Redefining \setlength on input line 80.
LaTeX Info: Redefining \addtolength on input line 81.
\calc@Ccount=\count283
\calc@Cskip=\skip60
) (C:\Users\Alfonso Suarez\AppData\Local\Programs\MiKTeX\tex/latex/eso-pic\eso-pic.sty
Package: eso-pic 2020/10/14 v3.0a eso-pic (RN)
\ESO@tempdima=\dimen152
\ESO@tempdimb=\dimen153
 (C:\Users\Alfonso Suarez\AppData\Local\Programs\MiKTeX\tex/latex/xcolor\xcolor.sty
Package: xcolor 2016/05/11 v2.12 LaTeX color extensions (UK)
 (C:\Users\Alfonso Suarez\AppData\Local\Programs\MiKTeX\tex/latex/graphics-cfg\color.cfg
File: color.cfg 2016/01/02 v1.6 sample color configuration
)
Package xcolor Info: Driver file: pdftex.def on input line 225.
Package xcolor Info: Model `cmy' substituted by `cmy0' on input line 1348.
Package xcolor Info: Model `hsb' substituted by `rgb' on input line 1352.
Package xcolor Info: Model `RGB' extended on input line 1364.
Package xcolor Info: Model `HTML' substituted by `rgb' on input line 1366.
Package xcolor Info: Model `Hsb' substituted by `hsb' on input line 1367.
Package xcolor Info: Model `tHsb' substituted by `hsb' on input line 1368.
Package xcolor Info: Model `HSB' substituted by `hsb' on input line 1369.
Package xcolor Info: Model `Gray' substituted by `gray' on input line 1370.
Package xcolor Info: Model `wave' substituted by `hsb' on input line 1371.
))
\AM@pagewidth=\dimen154
\AM@pageheight=\dimen155
\AM@fboxrule=\dimen156
 (C:\Users\Alfonso Suarez\AppData\Local\Programs\MiKTeX\tex/latex/pdfpages\pppdftex.def
File: pppdftex.def 2021/03/06 v0.5t Pdfpages driver for pdfTeX (AM)
)
\pdfpages@includegraphics@status=\count284
\AM@pagebox=\box50
\AM@global@opts=\toks19
\AM@pagecnt=\count285
\AM@toc@title=\toks20
\c@AM@survey=\count286
\AM@templatesizebox=\box51
) (C:\Users\Alfonso Suarez\AppData\Local\Programs\MiKTeX\tex/latex/graphics\rotating.sty
Package: rotating 2016/08/11 v2.16d rotated objects in LaTeX
\c@r@tfl@t=\count287
\rotFPtop=\skip61
\rotFPbot=\skip62
\rot@float@box=\box52
\rot@mess@toks=\toks21
) (C:\Users\Alfonso Suarez\AppData\Local\Programs\MiKTeX\tex/latex/listings\listings.sty
\lst@mode=\count288
\lst@gtempboxa=\box53
\lst@token=\toks22
\lst@length=\count289
\lst@currlwidth=\dimen157
\lst@column=\count290
\lst@pos=\count291
\lst@lostspace=\dimen158
\lst@width=\dimen159
\lst@newlines=\count292
\lst@lineno=\count293
\lst@maxwidth=\dimen160
 (C:\Users\Alfonso Suarez\AppData\Local\Programs\MiKTeX\tex/latex/listings\lstmisc.sty
File: lstmisc.sty 2020/03/24 1.8d (Carsten Heinz)
\c@lstnumber=\count294
\lst@skipnumbers=\count295
\lst@framebox=\box54
) (C:\Users\Alfonso Suarez\AppData\Local\Programs\MiKTeX\tex/latex/listings\listings.cfg
File: listings.cfg 2020/03/24 1.8d listings configuration
))
Package: listings 2020/03/24 1.8d (Carsten Heinz)
 (C:\Users\Alfonso Suarez\AppData\Local\Programs\MiKTeX\tex/latex/float\float.sty
Package: float 2001/11/08 v1.3d Float enhancements (AL)
\c@float@type=\count296
\float@exts=\toks23
\float@box=\box55
\@float@everytoks=\toks24
\@floatcapt=\box56
) (C:\Users\Alfonso Suarez\AppData\Local\Programs\MiKTeX\tex/latex/caption\caption.sty
Package: caption 2020/10/26 v3.5g Customizing captions (AR)
 (C:\Users\Alfonso Suarez\AppData\Local\Programs\MiKTeX\tex/latex/caption\caption3.sty
Package: caption3 2020/10/21 v2.2e caption3 kernel (AR)
\captionmargin=\dimen161
\captionmargin@=\dimen162
\captionwidth=\dimen163
\caption@tempdima=\dimen164
\caption@indent=\dimen165
\caption@parindent=\dimen166
\caption@hangindent=\dimen167
Package caption Info: Standard document class detected.
)
\c@caption@flags=\count297
\c@continuedfloat=\count298
Package caption Info: float package is loaded.
Package caption Info: listings package is loaded.
Package caption Info: rotating package is loaded.
) (C:\Users\Alfonso Suarez\AppData\Local\Programs\MiKTeX\tex/latex/caption\subcaption.sty
Package: subcaption 2020/10/07 v1.3j Sub-captions (AR)
\c@subfigure=\count299
\c@subtable=\count300
) (C:\Users\Alfonso Suarez\AppData\Local\Programs\MiKTeX\tex/latex/listings\lstlang1.sty
File: lstlang1.sty 2020/03/24 1.8d listings language file
) (C:\Users\Alfonso Suarez\AppData\Local\Programs\MiKTeX\tex/latex/listings\lstlang1.sty
File: lstlang1.sty 2020/03/24 1.8d listings language file
) (C:\Users\Alfonso Suarez\AppData\Local\Programs\MiKTeX\tex/latex/listings\lstmisc.sty
File: lstmisc.sty 2020/03/24 1.8d (Carsten Heinz)
) (C:\Users\Alfonso Suarez\AppData\Local\Programs\MiKTeX\tex/latex/hyperref\hyperref.sty
Package: hyperref 2021-06-07 v7.00m Hypertext links for LaTeX
 (C:\Users\Alfonso Suarez\AppData\Local\Programs\MiKTeX\tex/generic/pdftexcmds\pdftexcmds.sty
Package: pdftexcmds 2020-06-27 v0.33 Utility functions of pdfTeX for LuaTeX (HO)
 (C:\Users\Alfonso Suarez\AppData\Local\Programs\MiKTeX\tex/generic/infwarerr\infwarerr.sty
Package: infwarerr 2019/12/03 v1.5 Providing info/warning/error messages (HO)
)
Package pdftexcmds Info: \pdf@primitive is available.
Package pdftexcmds Info: \pdf@ifprimitive is available.
Package pdftexcmds Info: \pdfdraftmode found.
) (C:\Users\Alfonso Suarez\AppData\Local\Programs\MiKTeX\tex/generic/kvdefinekeys\kvdefinekeys.sty
Package: kvdefinekeys 2019-12-19 v1.6 Define keys (HO)
) (C:\Users\Alfonso Suarez\AppData\Local\Programs\MiKTeX\tex/generic/pdfescape\pdfescape.sty
Package: pdfescape 2019/12/09 v1.15 Implements pdfTeX's escape features (HO)
) (C:\Users\Alfonso Suarez\AppData\Local\Programs\MiKTeX\tex/latex/hycolor\hycolor.sty
Package: hycolor 2020-01-27 v1.10 Color options for hyperref/bookmark (HO)
) (C:\Users\Alfonso Suarez\AppData\Local\Programs\MiKTeX\tex/latex/letltxmacro\letltxmacro.sty
Package: letltxmacro 2019/12/03 v1.6 Let assignment for LaTeX macros (HO)
) (C:\Users\Alfonso Suarez\AppData\Local\Programs\MiKTeX\tex/latex/auxhook\auxhook.sty
Package: auxhook 2019-12-17 v1.6 Hooks for auxiliary files (HO)
)
\@linkdim=\dimen168
\Hy@linkcounter=\count301
\Hy@pagecounter=\count302
 (C:\Users\Alfonso Suarez\AppData\Local\Programs\MiKTeX\tex/latex/hyperref\pd1enc.def
File: pd1enc.def 2021-06-07 v7.00m Hyperref: PDFDocEncoding definition (HO)
Now handling font encoding PD1 ...
... no UTF-8 mapping file for font encoding PD1
) (C:\Users\Alfonso Suarez\AppData\Local\Programs\MiKTeX\tex/latex/hyperref\hyperref-langpatches.def
File: hyperref-langpatches.def 2021-06-07 v7.00m Hyperref: patches for babel languages
) (C:\Users\Alfonso Suarez\AppData\Local\Programs\MiKTeX\tex/generic/intcalc\intcalc.sty
Package: intcalc 2019/12/15 v1.3 Expandable calculations with integers (HO)
) (C:\Users\Alfonso Suarez\AppData\Local\Programs\MiKTeX\tex/generic/etexcmds\etexcmds.sty
Package: etexcmds 2019/12/15 v1.7 Avoid name clashes with e-TeX commands (HO)
)
\Hy@SavedSpaceFactor=\count303
 (C:\Users\Alfonso Suarez\AppData\Local\Programs\MiKTeX\tex/latex/hyperref\puenc.def
File: puenc.def 2021-06-07 v7.00m Hyperref: PDF Unicode definition (HO)
Now handling font encoding PU ...
... no UTF-8 mapping file for font encoding PU
)
Package hyperref Info: Hyper figures OFF on input line 4192.
Package hyperref Info: Link nesting OFF on input line 4197.
Package hyperref Info: Hyper index ON on input line 4200.
Package hyperref Info: Plain pages OFF on input line 4207.
Package hyperref Info: Backreferencing OFF on input line 4212.
Package hyperref Info: Implicit mode ON; LaTeX internals redefined.
Package hyperref Info: Bookmarks ON on input line 4445.
\c@Hy@tempcnt=\count304
 (C:\Users\Alfonso Suarez\AppData\Local\Programs\MiKTeX\tex/latex/url\url.sty
\Urlmuskip=\muskip16
Package: url 2013/09/16  ver 3.4  Verb mode for urls, etc.
)
LaTeX Info: Redefining \url on input line 4804.
\XeTeXLinkMargin=\dimen169
 (C:\Users\Alfonso Suarez\AppData\Local\Programs\MiKTeX\tex/generic/bitset\bitset.sty
Package: bitset 2019/12/09 v1.3 Handle bit-vector datatype (HO)
 (C:\Users\Alfonso Suarez\AppData\Local\Programs\MiKTeX\tex/generic/bigintcalc\bigintcalc.sty
Package: bigintcalc 2019/12/15 v1.5 Expandable calculations on big integers (HO)
))
\Fld@menulength=\count305
\Field@Width=\dimen170
\Fld@charsize=\dimen171
Package hyperref Info: Hyper figures OFF on input line 6076.
Package hyperref Info: Link nesting OFF on input line 6081.
Package hyperref Info: Hyper index ON on input line 6084.
Package hyperref Info: backreferencing OFF on input line 6091.
Package hyperref Info: Link coloring OFF on input line 6096.
Package hyperref Info: Link coloring with OCG OFF on input line 6101.
Package hyperref Info: PDF/A mode OFF on input line 6106.
LaTeX Info: Redefining \ref on input line 6146.
LaTeX Info: Redefining \pageref on input line 6150.
 (C:\Users\Alfonso Suarez\AppData\Local\Programs\MiKTeX\tex/latex/base\atbegshi-ltx.sty
Package: atbegshi-ltx 2021/01/10 v1.0c Emulation of the original atbegshi
package with kernel methods
)
\Hy@abspage=\count306
\c@Item=\count307
\c@Hfootnote=\count308
)
Package hyperref Info: Driver (autodetected): hpdftex.
 (C:\Users\Alfonso Suarez\AppData\Local\Programs\MiKTeX\tex/latex/hyperref\hpdftex.def
File: hpdftex.def 2021-06-07 v7.00m Hyperref driver for pdfTeX
 (C:\Users\Alfonso Suarez\AppData\Local\Programs\MiKTeX\tex/latex/base\atveryend-ltx.sty
Package: atveryend-ltx 2020/08/19 v1.0a Emulation of the original atvery package
with kernel methods
)
\Fld@listcount=\count309
\c@bookmark@seq@number=\count310
 (C:\Users\Alfonso Suarez\AppData\Local\Programs\MiKTeX\tex/latex/rerunfilecheck\rerunfilecheck.sty
Package: rerunfilecheck 2019/12/05 v1.9 Rerun checks for auxiliary files (HO)
 (C:\Users\Alfonso Suarez\AppData\Local\Programs\MiKTeX\tex/generic/uniquecounter\uniquecounter.sty
Package: uniquecounter 2019/12/15 v1.4 Provide unlimited unique counter (HO)
)
Package uniquecounter Info: New unique counter `rerunfilecheck' on input line 286.
)
\Hy@SectionHShift=\skip63
) (C:\Users\Alfonso Suarez\AppData\Local\Programs\MiKTeX\tex/latex/l3backend\l3backend-pdftex.def
File: l3backend-pdftex.def 2021-08-04 L3 backend support: PDF output (pdfTeX)
\l__color_backend_stack_int=\count311
\l__pdf_internal_box=\box57
) (main.aux (caratula/Caratula.aux)
LaTeX Info: Redefining \. on input line 26.
LaTeX Info: Redefining \% on input line 26.
)
\openout1 = `main.aux'.

LaTeX Font Info:    Checking defaults for OML/cmm/m/it on input line 44.
LaTeX Font Info:    ... okay on input line 44.
LaTeX Font Info:    Checking defaults for OMS/cmsy/m/n on input line 44.
LaTeX Font Info:    ... okay on input line 44.
LaTeX Font Info:    Checking defaults for OT1/cmr/m/n on input line 44.
LaTeX Font Info:    ... okay on input line 44.
LaTeX Font Info:    Checking defaults for T1/cmr/m/n on input line 44.
LaTeX Font Info:    ... okay on input line 44.
LaTeX Font Info:    Checking defaults for TS1/cmr/m/n on input line 44.
LaTeX Font Info:    ... okay on input line 44.
LaTeX Font Info:    Checking defaults for OMX/cmex/m/n on input line 44.
LaTeX Font Info:    ... okay on input line 44.
LaTeX Font Info:    Checking defaults for U/cmr/m/n on input line 44.
LaTeX Font Info:    ... okay on input line 44.
LaTeX Font Info:    Checking defaults for PD1/pdf/m/n on input line 44.
LaTeX Font Info:    ... okay on input line 44.
LaTeX Font Info:    Checking defaults for PU/pdf/m/n on input line 44.
LaTeX Font Info:    ... okay on input line 44.

*geometry* driver: auto-detecting
*geometry* detected driver: pdftex
*geometry* verbose mode - [ preamble ] result:
* driver: pdftex
* paper: a4paper
* layout: <same size as paper>
* layoutoffset:(h,v)=(0.0pt,0.0pt)
* modes: 
* h-part:(L,W,R)=(81.94394pt, 433.62pt, 81.94394pt)
* v-part:(T,H,B)=(77.84674pt, 650.43pt, 116.77011pt)
* \paperwidth=597.50787pt
* \paperheight=845.04684pt
* \textwidth=433.62pt
* \textheight=650.43pt
* \oddsidemargin=9.67395pt
* \evensidemargin=9.67395pt
* \topmargin=-31.42325pt
* \headheight=30.2pt
* \headsep=30.0pt
* \topskip=10.0pt
* \footskip=30.0pt
* \marginparwidth=65.0pt
* \marginparsep=11.0pt
* \columnsep=10.0pt
* \skip\footins=9.0pt plus 4.0pt minus 2.0pt
* \hoffset=0.0pt
* \voffset=0.0pt
* \mag=1000
* \@twocolumnfalse
* \@twosidefalse
* \@mparswitchfalse
* \@reversemarginfalse
* (1in=72.27pt=25.4mm, 1cm=28.453pt)

LaTeX Info: Redefining \. on input line 44.
LaTeX Info: Redefining \% on input line 44.
(C:\Users\Alfonso Suarez\AppData\Local\Programs\MiKTeX\tex/context/base/mkii\supp-pdf.mkii
[Loading MPS to PDF converter (version 2006.09.02).]
\scratchcounter=\count312
\scratchdimen=\dimen172
\scratchbox=\box58
\nofMPsegments=\count313
\nofMParguments=\count314
\everyMPshowfont=\toks25
\MPscratchCnt=\count315
\MPscratchDim=\dimen173
\MPnumerator=\count316
\makeMPintoPDFobject=\count317
\everyMPtoPDFconversion=\toks26
) (C:\Users\Alfonso Suarez\AppData\Local\Programs\MiKTeX\tex/latex/epstopdf-pkg\epstopdf-base.sty
Package: epstopdf-base 2020-01-24 v2.11 Base part for package epstopdf
Package epstopdf-base Info: Redefining graphics rule for `.eps' on input line 485.
 (C:\Users\Alfonso Suarez\AppData\Local\Programs\MiKTeX\tex/latex/00miktex\epstopdf-sys.cfg
File: epstopdf-sys.cfg 2021/03/18 v2.0 Configuration of epstopdf for MiKTeX
))
\c@lstlisting=\count318
Package caption Info: Begin \AtBeginDocument code.
Package caption Info: hyperref package is loaded.
Package caption Info: End \AtBeginDocument code.
Package hyperref Info: Link coloring OFF on input line 44.
 (C:\Users\Alfonso Suarez\AppData\Local\Programs\MiKTeX\tex/latex/hyperref\nameref.sty
Package: nameref 2021-04-02 v2.47 Cross-referencing by name of section
 (C:\Users\Alfonso Suarez\AppData\Local\Programs\MiKTeX\tex/latex/refcount\refcount.sty
Package: refcount 2019/12/15 v3.6 Data extraction from label references (HO)
) (C:\Users\Alfonso Suarez\AppData\Local\Programs\MiKTeX\tex/generic/gettitlestring\gettitlestring.sty
Package: gettitlestring 2019/12/15 v1.6 Cleanup title references (HO)
)
\c@section@level=\count319
)
LaTeX Info: Redefining \ref on input line 44.
LaTeX Info: Redefining \pageref on input line 44.
LaTeX Info: Redefining \nameref on input line 44.
 (main.out) (main.out)
\@outlinefile=\write3
\openout3 = `main.out'.

\openout2 = `caratula/Caratula.aux'.

 (caratula/Caratula.tex
<images/CiberSecFIIS.png, id=135, 512.66531pt x 438.8897pt>
File: images/CiberSecFIIS.png Graphic file (type png)
<use images/CiberSecFIIS.png>
Package pdftex.def Info: images/CiberSecFIIS.png  used on input line 11.
(pdftex.def)             Requested size: 195.12767pt x 167.04768pt.
LaTeX Font Info:    External font `cmex10' loaded for size
(Font)              <7> on input line 34.
LaTeX Font Info:    External font `cmex10' loaded for size
(Font)              <5> on input line 34.
 [1


{C:/Users/Alfonso Suarez/AppData/Local/MiKTeX/pdftex/config/pdftex.map} <./images/CiberSecFIIS.png>]) (main.toc
LaTeX Info: Redefining \. on input line 1.
LaTeX Info: Redefining \% on input line 1.
)
\tf@toc=\write4
\openout4 = `main.toc'.

LaTeX Info: Redefining \. on input line 49.
LaTeX Info: Redefining \% on input line 49.
LaTeX Info: Redefining \. on input line 49.
LaTeX Info: Redefining \% on input line 49.
pdfTeX warning (ext4): destination with the same identifier (name{page.1}) has been already used, duplicate ignored
<to be read again> 
                   \relax 
l.49 \clearpage
                [1



]
<images/openadmin/1-escaneo.png, id=186, 623.32875pt x 244.66406pt>
File: images/openadmin/1-escaneo.png Graphic file (type png)
<use images/openadmin/1-escaneo.png>
Package pdftex.def Info: images/openadmin/1-escaneo.png  used on input line 57.
(pdftex.def)             Requested size: 346.89731pt x 136.16348pt.
<images/openadmin/2-paginaweb.png, id=187, 622.57594pt x 533.74406pt>
File: images/openadmin/2-paginaweb.png Graphic file (type png)
<use images/openadmin/2-paginaweb.png>
Package pdftex.def Info: images/openadmin/2-paginaweb.png  used on input line 64.
(pdftex.def)             Requested size: 346.89731pt x 297.40424pt.
<images/openadmin/3-artwork.png, id=188, 622.57594pt x 533.74406pt>
File: images/openadmin/3-artwork.png Graphic file (type png)
<use images/openadmin/3-artwork.png>
Package pdftex.def Info: images/openadmin/3-artwork.png  used on input line 73.
(pdftex.def)             Requested size: 216.81pt x 185.87662pt.
<images/openadmin/4-music.png, id=189, 622.57594pt x 532.23843pt>
File: images/openadmin/4-music.png Graphic file (type png)
<use images/openadmin/4-music.png>
Package pdftex.def Info: images/openadmin/4-music.png  used on input line 75.
(pdftex.def)             Requested size: 216.81pt x 185.35228pt.

Overfull \hbox (2.22221pt too wide) in paragraph at lines 73--76
[][]  [] 
 []


Overfull \hbox (12.00002pt too wide) in paragraph at lines 71--78
 [] 
 []

LaTeX Info: Redefining \. on input line 79.
LaTeX Info: Redefining \% on input line 79.
[2

 <./images/openadmin/1-escaneo.png> <./images/openadmin/2-paginaweb.png>]
<images/openadmin/4-musicdetalles.png, id=198, 622.57594pt x 536.75531pt>
File: images/openadmin/4-musicdetalles.png Graphic file (type png)
<use images/openadmin/4-musicdetalles.png>
Package pdftex.def Info: images/openadmin/4-musicdetalles.png  used on input line 84.
(pdftex.def)             Requested size: 216.81pt x 186.9253pt.
<images/openadmin/5-ona.png, id=199, 620.3175pt x 529.98pt>
File: images/openadmin/5-ona.png Graphic file (type png)
<use images/openadmin/5-ona.png>
Package pdftex.def Info: images/openadmin/5-ona.png  used on input line 85.
(pdftex.def)             Requested size: 216.81pt x 185.2289pt.

Overfull \hbox (2.22221pt too wide) in paragraph at lines 84--86
[][] [] 
 []

<images/openadmin/6-exploit.png, id=200, 1134.48843pt x 348.55219pt>
File: images/openadmin/6-exploit.png Graphic file (type png)
<use images/openadmin/6-exploit.png>
Package pdftex.def Info: images/openadmin/6-exploit.png  used on input line 93.
(pdftex.def)             Requested size: 346.89731pt x 106.57683pt.
LaTeX Info: Redefining \. on input line 96.
LaTeX Info: Redefining \% on input line 96.
LaTeX Info: Redefining \. on input line 96.
LaTeX Info: Redefining \% on input line 96.
[3 <./images/openadmin/3-artwork.png> <./images/openadmin/4-music.png> <./images/openadmin/4-musicdetalles.png> <./images/openadmin/5-ona.png>]
<images/openadmin/7-script.png, id=211, 622.57594pt x 140.77594pt>
File: images/openadmin/7-script.png Graphic file (type png)
<use images/openadmin/7-script.png>
Package pdftex.def Info: images/openadmin/7-script.png  used on input line 102.
(pdftex.def)             Requested size: 346.89731pt x 78.44087pt.
<images/openadmin/8-credencialesjimmy.png, id=212, 623.32875pt x 273.27094pt>
File: images/openadmin/8-credencialesjimmy.png Graphic file (type png)
<use images/openadmin/8-credencialesjimmy.png>
Package pdftex.def Info: images/openadmin/8-credencialesjimmy.png  used on input line 111.
(pdftex.def)             Requested size: 346.89731pt x 152.08412pt.
<images/openadmin/9-usuariosycarpetas.png, id=213, 622.57594pt x 133.24782pt>
File: images/openadmin/9-usuariosycarpetas.png Graphic file (type png)
<use images/openadmin/9-usuariosycarpetas.png>
Package pdftex.def Info: images/openadmin/9-usuariosycarpetas.png  used on input line 118.
(pdftex.def)             Requested size: 346.89731pt x 74.24619pt.


LaTeX Warning: `h' float specifier changed to `ht'.

<images/openadmin/10-sshjimmy.png, id=214, 622.57594pt x 340.27126pt>
File: images/openadmin/10-sshjimmy.png Graphic file (type png)
<use images/openadmin/10-sshjimmy.png>
Package pdftex.def Info: images/openadmin/10-sshjimmy.png  used on input line 125.
(pdftex.def)             Requested size: 346.89731pt x 189.60043pt.

LaTeX Warning: `h' float specifier changed to `ht'.

<images/openadmin/11-tcp.png, id=215, 622.57594pt x 121.20282pt>
File: images/openadmin/11-tcp.png Graphic file (type png)
<use images/openadmin/11-tcp.png>
Package pdftex.def Info: images/openadmin/11-tcp.png  used on input line 133.
(pdftex.def)             Requested size: 346.89731pt x 67.53467pt.
LaTeX Info: Redefining \. on input line 136.
LaTeX Info: Redefining \% on input line 136.
LaTeX Info: Redefining \. on input line 136.
LaTeX Info: Redefining \% on input line 136.
[4 <./images/openadmin/6-exploit.png> <./images/openadmin/7-script.png> <./images/openadmin/8-credencialesjimmy.png>]
<images/openadmin/12-indexphp.png, id=226, 620.3175pt x 487.06969pt>
File: images/openadmin/12-indexphp.png Graphic file (type png)
<use images/openadmin/12-indexphp.png>
Package pdftex.def Info: images/openadmin/12-indexphp.png  used on input line 142.
(pdftex.def)             Requested size: 346.89731pt x 272.37811pt.


LaTeX Warning: `h' float specifier changed to `ht'.

<images/openadmin/13-crackstation.png, id=227, 782.925pt x 318.43968pt>
File: images/openadmin/13-crackstation.png Graphic file (type png)
<use images/openadmin/13-crackstation.png>
Package pdftex.def Info: images/openadmin/13-crackstation.png  used on input line 149.
(pdftex.def)             Requested size: 346.89731pt x 141.0954pt.

LaTeX Warning: `h' float specifier changed to `ht'.

<images/openadmin/14-mainphp.png, id=228, 622.57594pt x 134.00063pt>
File: images/openadmin/14-mainphp.png Graphic file (type png)
<use images/openadmin/14-mainphp.png>
Package pdftex.def Info: images/openadmin/14-mainphp.png  used on input line 155.
(pdftex.def)             Requested size: 346.89731pt x 74.66565pt.

LaTeX Warning: `h' float specifier changed to `ht'.

<images/openadmin/15-joannarsa.png, id=229, 623.32875pt x 422.32782pt>
File: images/openadmin/15-joannarsa.png Graphic file (type png)
<use images/openadmin/15-joannarsa.png>
Package pdftex.def Info: images/openadmin/15-joannarsa.png  used on input line 161.
(pdftex.def)             Requested size: 346.89731pt x 235.03912pt.

LaTeX Warning: `h' float specifier changed to `ht'.

<images/openadmin/16-sshjoanna.png, id=230, 623.32875pt x 366.61969pt>
File: images/openadmin/16-sshjoanna.png Graphic file (type png)
<use images/openadmin/16-sshjoanna.png>
Package pdftex.def Info: images/openadmin/16-sshjoanna.png  used on input line 169.
(pdftex.def)             Requested size: 346.89731pt x 204.03575pt.
LaTeX Info: Redefining \. on input line 172.
LaTeX Info: Redefining \% on input line 172.
LaTeX Info: Redefining \. on input line 172.
LaTeX Info: Redefining \% on input line 172.
[5 <./images/openadmin/9-usuariosycarpetas.png> <./images/openadmin/10-sshjimmy.png> <./images/openadmin/11-tcp.png>]

LaTeX Warning: `h' float specifier changed to `ht'.

<images/openadmin/17-alternativa.png, id=241, 622.57594pt x 162.6075pt>
File: images/openadmin/17-alternativa.png Graphic file (type png)
<use images/openadmin/17-alternativa.png>
Package pdftex.def Info: images/openadmin/17-alternativa.png  used on input line 176.
(pdftex.def)             Requested size: 346.89731pt x 90.60551pt.

LaTeX Warning: `h' float specifier changed to `ht'.

<images/openadmin/17-alternativa2.png, id=242, 623.32875pt x 136.25906pt>
File: images/openadmin/17-alternativa2.png Graphic file (type png)
<use images/openadmin/17-alternativa2.png>
Package pdftex.def Info: images/openadmin/17-alternativa2.png  used on input line 182.
(pdftex.def)             Requested size: 346.89731pt x 75.83258pt.

LaTeX Warning: `h' float specifier changed to `ht'.

<images/openadmin/17-alternativa3.png, id=243, 621.07031pt x 50.43843pt>
File: images/openadmin/17-alternativa3.png Graphic file (type png)
<use images/openadmin/17-alternativa3.png>
Package pdftex.def Info: images/openadmin/17-alternativa3.png  used on input line 188.
(pdftex.def)             Requested size: 346.89731pt x 28.1722pt.

LaTeX Warning: `h' float specifier changed to `ht'.

<images/openadmin/18-sudol.png, id=244, 621.07031pt x 109.91063pt>
File: images/openadmin/18-sudol.png Graphic file (type png)
<use images/openadmin/18-sudol.png>
Package pdftex.def Info: images/openadmin/18-sudol.png  used on input line 197.
(pdftex.def)             Requested size: 346.89731pt x 61.39018pt.

LaTeX Warning: `h' float specifier changed to `ht'.

<images/openadmin/19-gtfobins.png, id=245, 626.34pt x 137.7647pt>
File: images/openadmin/19-gtfobins.png Graphic file (type png)
<use images/openadmin/19-gtfobins.png>
Package pdftex.def Info: images/openadmin/19-gtfobins.png  used on input line 204.
(pdftex.def)             Requested size: 346.89731pt x 76.30264pt.

LaTeX Warning: `h' float specifier changed to `ht'.

<images/openadmin/20-privilegio.png, id=246, 622.57594pt x 127.97812pt>
File: images/openadmin/20-privilegio.png Graphic file (type png)
<use images/openadmin/20-privilegio.png>
Package pdftex.def Info: images/openadmin/20-privilegio.png  used on input line 211.
(pdftex.def)             Requested size: 346.89731pt x 71.30989pt.

LaTeX Warning: `h' float specifier changed to `ht'.

<images/openadmin/21-reverseshellperl.png, id=247, 623.32875pt x 48.93282pt>
File: images/openadmin/21-reverseshellperl.png Graphic file (type png)
<use images/openadmin/21-reverseshellperl.png>
Package pdftex.def Info: images/openadmin/21-reverseshellperl.png  used on input line 221.
(pdftex.def)             Requested size: 346.89731pt x 27.23268pt.

LaTeX Warning: `h' float specifier changed to `ht'.

<images/openadmin/22-conexionreverse.png, id=248, 620.3175pt x 145.29282pt>
File: images/openadmin/22-conexionreverse.png Graphic file (type png)
<use images/openadmin/22-conexionreverse.png>
Package pdftex.def Info: images/openadmin/22-conexionreverse.png  used on input line 228.
(pdftex.def)             Requested size: 346.89731pt x 81.25034pt.

LaTeX Warning: `h' float specifier changed to `ht'.

<images/openadmin/23-covermyass.png, id=249, 622.57594pt x 270.25969pt>
File: images/openadmin/23-covermyass.png Graphic file (type png)
<use images/openadmin/23-covermyass.png>
Package pdftex.def Info: images/openadmin/23-covermyass.png  used on input line 235.
(pdftex.def)             Requested size: 346.89731pt x 150.58972pt.
LaTeX Info: Redefining \. on input line 238.
LaTeX Info: Redefining \% on input line 238.
LaTeX Info: Redefining \. on input line 238.
LaTeX Info: Redefining \% on input line 238.
[6 <./images/openadmin/12-indexphp.png>]

LaTeX Warning: `h' float specifier changed to `ht'.

LaTeX Info: Redefining \. on input line 239.
LaTeX Info: Redefining \% on input line 239.
LaTeX Info: Redefining \. on input line 239.
LaTeX Info: Redefining \% on input line 239.
[7 <./images/openadmin/13-crackstation.png> <./images/openadmin/14-mainphp.png>]
LaTeX Info: Redefining \. on input line 239.
LaTeX Info: Redefining \% on input line 239.
LaTeX Info: Redefining \. on input line 239.
LaTeX Info: Redefining \% on input line 239.
 [8 <./images/openadmin/15-joannarsa.png> <./images/openadmin/16-sshjoanna.png> <./images/openadmin/17-alternativa.png>]
LaTeX Info: Redefining \. on input line 239.
LaTeX Info: Redefining \% on input line 239.
LaTeX Info: Redefining \. on input line 239.
LaTeX Info: Redefining \% on input line 239.
 [9 <./images/openadmin/17-alternativa2.png> <./images/openadmin/17-alternativa3.png> <./images/openadmin/18-sudol.png> <./images/openadmin/19-gtfobins.png> <./images/openadmin/20-privilegio.png> <./images/openadmin/21-reverseshellperl.png> <./images/openadmin/22-conexionreverse.png>]
LaTeX Info: Redefining \. on input line 239.
LaTeX Info: Redefining \% on input line 239.
LaTeX Info: Redefining \. on input line 239.
LaTeX Info: Redefining \% on input line 239.
 [10 <./images/openadmin/23-covermyass.png>]
<images/remote/nmap_remote.png, id=299, 768.8725pt x 329.23pt>
File: images/remote/nmap_remote.png Graphic file (type png)
<use images/remote/nmap_remote.png>
Package pdftex.def Info: images/remote/nmap_remote.png  used on input line 247.
(pdftex.def)             Requested size: 346.89731pt x 148.54396pt.
<images/remote/nmap_vuln.png, id=300, 561.09625pt x 497.86pt>
File: images/remote/nmap_vuln.png Graphic file (type png)
<use images/remote/nmap_vuln.png>
Package pdftex.def Info: images/remote/nmap_vuln.png  used on input line 257.
(pdftex.def)             Requested size: 303.53267pt x 269.31898pt.
<images/remote/ftp.png, id=301, 787.94376pt x 248.93pt>
File: images/remote/ftp.png Graphic file (type png)
<use images/remote/ftp.png>
Package pdftex.def Info: images/remote/ftp.png  used on input line 265.
(pdftex.def)             Requested size: 433.62pt x 136.98788pt.
LaTeX Info: Redefining \. on input line 268.
LaTeX Info: Redefining \% on input line 268.
 [11

 <./images/remote/nmap_remote.png> <./images/remote/nmap_vuln.png>]
<images/remote/index_pagina.png, id=310, 1324.95pt x 537.00626pt>
File: images/remote/index_pagina.png Graphic file (type png)
<use images/remote/index_pagina.png>
Package pdftex.def Info: images/remote/index_pagina.png  used on input line 272.
(pdftex.def)             Requested size: 433.62pt x 175.74588pt.
LaTeX Info: Redefining \. on input line 276.
LaTeX Info: Redefining \% on input line 276.
LaTeX Info: Redefining \. on input line 276.
LaTeX Info: Redefining \% on input line 276.
 [12 <./images/remote/ftp.png> <./images/remote/index_pagina.png>]
<images/remote/wappalizer.png, id=320, 1035.87pt x 577.15625pt>
File: images/remote/wappalizer.png Graphic file (type png)
<use images/remote/wappalizer.png>
Package pdftex.def Info: images/remote/wappalizer.png  used on input line 281.
(pdftex.def)             Requested size: 390.25534pt x 217.43701pt.
<images/remote/dirb.png, id=321, 480.79625pt x 291.0875pt>
File: images/remote/dirb.png Graphic file (type png)
<use images/remote/dirb.png>
Package pdftex.def Info: images/remote/dirb.png  used on input line 288.
(pdftex.def)             Requested size: 390.25534pt x 236.27704pt.
LaTeX Info: Redefining \. on input line 292.
LaTeX Info: Redefining \% on input line 292.
LaTeX Info: Redefining \. on input line 292.
LaTeX Info: Redefining \% on input line 292.
 [13

 <./images/remote/wappalizer.png> <./images/remote/dirb.png>]
<images/remote/nfs.png, id=330, 245.91875pt x 58.2175pt>
File: images/remote/nfs.png Graphic file (type png)
<use images/remote/nfs.png>
Package pdftex.def Info: images/remote/nfs.png  used on input line 297.
(pdftex.def)             Requested size: 260.17464pt x 61.59476pt.
<images/remote/backup.png, id=331, 630.355pt x 89.33376pt>
File: images/remote/backup.png Graphic file (type png)
<use images/remote/backup.png>
Package pdftex.def Info: images/remote/backup.png  used on input line 305.
(pdftex.def)             Requested size: 433.62pt x 61.45224pt.
<images/remote/strings_pass.png, id=332, 668.4975pt x 280.04625pt>
File: images/remote/strings_pass.png Graphic file (type png)
<use images/remote/strings_pass.png>
Package pdftex.def Info: images/remote/strings_pass.png  used on input line 312.
(pdftex.def)             Requested size: 433.62pt x 181.65613pt.
LaTeX Info: Redefining \. on input line 316.
LaTeX Info: Redefining \% on input line 316.
LaTeX Info: Redefining \. on input line 316.
LaTeX Info: Redefining \% on input line 316.
 [14

 <./images/remote/nfs.png> <./images/remote/backup.png> <./images/remote/strings_pass.png>]
<images/remote/strings_admin.png, id=344, 674.52pt x 322.20375pt>
File: images/remote/strings_admin.png Graphic file (type png)
<use images/remote/strings_admin.png>
Package pdftex.def Info: images/remote/strings_admin.png  used on input line 321.
(pdftex.def)             Requested size: 433.62pt x 207.13397pt.
<images/remote/sha1.png, id=345, 586.19pt x 315.1775pt>
File: images/remote/sha1.png Graphic file (type png)
<use images/remote/sha1.png>
Package pdftex.def Info: images/remote/sha1.png  used on input line 329.
(pdftex.def)             Requested size: 433.62pt x 233.14113pt.
LaTeX Info: Redefining \. on input line 333.
LaTeX Info: Redefining \% on input line 333.
LaTeX Info: Redefining \. on input line 333.
LaTeX Info: Redefining \% on input line 333.
 [15

 <./images/remote/strings_admin.png> <./images/remote/sha1.png>]
<images/remote/admin-panel.png, id=355, 1353.055pt x 558.085pt>
File: images/remote/admin-panel.png Graphic file (type png)
<use images/remote/admin-panel.png>
Package pdftex.def Info: images/remote/admin-panel.png  used on input line 338.
(pdftex.def)             Requested size: 433.62pt x 178.85483pt.
<images/remote/script-1.png, id=357, 817.0525pt x 436.63126pt>
File: images/remote/script-1.png Graphic file (type png)
<use images/remote/script-1.png>
Package pdftex.def Info: images/remote/script-1.png  used on input line 349.
(pdftex.def)             Requested size: 433.62pt x 231.7266pt.
LaTeX Info: Redefining \. on input line 353.
LaTeX Info: Redefining \% on input line 353.
LaTeX Info: Redefining \. on input line 353.
LaTeX Info: Redefining \% on input line 353.
 [16

 <./images/remote/admin-panel.png> <./images/remote/script-1.png>]
<images/remote/exploit.png, id=367, 846.16125pt x 214.8025pt>
File: images/remote/exploit.png Graphic file (type png)
<use images/remote/exploit.png>
Package pdftex.def Info: images/remote/exploit.png  used on input line 360.
(pdftex.def)             Requested size: 390.25534pt x 99.066pt.
<images/remote/server-python.png, id=368, 723.70375pt x 177.66376pt>
File: images/remote/server-python.png Graphic file (type png)
<use images/remote/server-python.png>
Package pdftex.def Info: images/remote/server-python.png  used on input line 366.
(pdftex.def)             Requested size: 390.25534pt x 95.80415pt.
<images/remote/payload.png, id=370, 559.08875pt x 277.035pt>
File: images/remote/payload.png Graphic file (type png)
<use images/remote/payload.png>
Package pdftex.def Info: images/remote/payload.png  used on input line 372.
(pdftex.def)             Requested size: 390.25534pt x 193.38208pt.
LaTeX Info: Redefining \. on input line 375.
LaTeX Info: Redefining \% on input line 375.
LaTeX Info: Redefining \. on input line 375.
LaTeX Info: Redefining \% on input line 375.
 [17

 <./images/remote/exploit.png> <./images/remote/server-python.png> <./images/remote/payload.png>]
<images/remote/netcat.png, id=385, 643.40375pt x 391.4625pt>
File: images/remote/netcat.png Graphic file (type png)
<use images/remote/netcat.png>
Package pdftex.def Info: images/remote/netcat.png  used on input line 379.
(pdftex.def)             Requested size: 390.25534pt x 237.44778pt.
<images/remote/flag-usuario.png, id=386, 491.8375pt x 326.21875pt>
File: images/remote/flag-usuario.png Graphic file (type png)
<use images/remote/flag-usuario.png>
Package pdftex.def Info: images/remote/flag-usuario.png  used on input line 385.
(pdftex.def)             Requested size: 390.25534pt x 258.85484pt.
LaTeX Info: Redefining \. on input line 391.
LaTeX Info: Redefining \% on input line 391.
LaTeX Info: Redefining \. on input line 391.
LaTeX Info: Redefining \% on input line 391.
 [18

 <./images/remote/netcat.png> <./images/remote/flag-usuario.png>]
<images/remote/privilegios.png, id=398, 655.44875pt x 242.9075pt>
File: images/remote/privilegios.png Graphic file (type png)
<use images/remote/privilegios.png>
Package pdftex.def Info: images/remote/privilegios.png  used on input line 397.
(pdftex.def)             Requested size: 433.62pt x 160.6975pt.
<images/remote/systeminfo.png, id=399, 758.835pt x 357.335pt>
File: images/remote/systeminfo.png Graphic file (type png)
<use images/remote/systeminfo.png>
Package pdftex.def Info: images/remote/systeminfo.png  used on input line 403.
(pdftex.def)             Requested size: 433.62pt x 204.19559pt.
LaTeX Info: Redefining \. on input line 407.
LaTeX Info: Redefining \% on input line 407.
LaTeX Info: Redefining \. on input line 407.
LaTeX Info: Redefining \% on input line 407.
 [19

 <./images/remote/privilegios.png> <./images/remote/systeminfo.png>]
<images/remote/fallo-exploit.png, id=409, 840.13875pt x 97.36375pt>
File: images/remote/fallo-exploit.png Graphic file (type png)
<use images/remote/fallo-exploit.png>
Package pdftex.def Info: images/remote/fallo-exploit.png  used on input line 415.
(pdftex.def)             Requested size: 433.62pt x 50.25208pt.
<images/remote/fallo-escucha.png, id=410, 312.16624pt x 84.315pt>
File: images/remote/fallo-escucha.png Graphic file (type png)
<use images/remote/fallo-escucha.png>
Package pdftex.def Info: images/remote/fallo-escucha.png  used on input line 421.
(pdftex.def)             Requested size: 173.44534pt x 46.84811pt.
<images/remote/proceso-encontrado.png, id=411, 554.07pt x 189.70876pt>
File: images/remote/proceso-encontrado.png Graphic file (type png)
<use images/remote/proceso-encontrado.png>
Package pdftex.def Info: images/remote/proceso-encontrado.png  used on input line 428.
(pdftex.def)             Requested size: 303.53267pt x 103.92618pt.
LaTeX Info: Redefining \. on input line 434.
LaTeX Info: Redefining \% on input line 434.
LaTeX Info: Redefining \. on input line 434.
LaTeX Info: Redefining \% on input line 434.
 [20

 <./images/remote/fallo-exploit.png> <./images/remote/fallo-escucha.png> <./images/remote/proceso-encontrado.png>]
<images/remote/confirmación-hash.png, id=423, 840.13875pt x 532.99126pt>
File: images/remote/confirmación-hash.png Graphic file (type png)
<use images/remote/confirmación-hash.png>
Package pdftex.def Info: images/remote/confirmación-hash.png  used on input line 439.
(pdftex.def)             Requested size: 346.89731pt x 220.07306pt.
<images/remote/dumpeo-hash.png, id=424, 400.49625pt x 522.95375pt>
File: images/remote/dumpeo-hash.png Graphic file (type png)
<use images/remote/dumpeo-hash.png>
Package pdftex.def Info: images/remote/dumpeo-hash.png  used on input line 446.
(pdftex.def)             Requested size: 216.81pt x 283.10898pt.
LaTeX Info: Redefining \. on input line 450.
LaTeX Info: Redefining \% on input line 450.
LaTeX Info: Redefining \. on input line 450.
LaTeX Info: Redefining \% on input line 450.
 [21

 <./images/remote/confirmación-hash.png> <./images/remote/dumpeo-hash.png>]
<images/remote/script-python-hash.png, id=433, 840.13875pt x 299.1175pt>
File: images/remote/script-python-hash.png Graphic file (type png)
<use images/remote/script-python-hash.png>
Package pdftex.def Info: images/remote/script-python-hash.png  used on input line 455.
(pdftex.def)             Requested size: 433.62pt x 154.38269pt.
<images/remote/exito-administrator.png, id=435, 963.6pt x 322.20375pt>
File: images/remote/exito-administrator.png Graphic file (type png)
<use images/remote/exito-administrator.png>
Package pdftex.def Info: images/remote/exito-administrator.png  used on input line 462.
(pdftex.def)             Requested size: 433.62pt x 144.99034pt.
LaTeX Font Info:    Trying to load font information for OMS+cmr on input line 466.
 (C:\Users\Alfonso Suarez\AppData\Local\Programs\MiKTeX\tex/latex/base\omscmr.fd
File: omscmr.fd 2019/12/16 v2.5j Standard LaTeX font definitions
)
LaTeX Font Info:    Font shape `OMS/cmr/m/n' in size <10> not available
(Font)              Font shape `OMS/cmsy/m/n' tried instead on input line 466.
LaTeX Info: Redefining \. on input line 468.
LaTeX Info: Redefining \% on input line 468.
LaTeX Info: Redefining \. on input line 468.
LaTeX Info: Redefining \% on input line 468.
 [22

 <./images/remote/script-python-hash.png> <./images/remote/exito-administrator.png>]
<images/remote/umbraco-version.png, id=445, 276.03125pt x 104.39pt>
File: images/remote/umbraco-version.png Graphic file (type png)
<use images/remote/umbraco-version.png>
Package pdftex.def Info: images/remote/umbraco-version.png  used on input line 479.
(pdftex.def)             Requested size: 130.08731pt x 49.19868pt.
LaTeX Font Info:    Trying to load font information for TS1+cmtt on input line 491.
 (C:\Users\Alfonso Suarez\AppData\Local\Programs\MiKTeX\tex/latex/base\ts1cmtt.fd
File: ts1cmtt.fd 2019/12/16 v2.5j Standard LaTeX font definitions
)
LaTeX Font Info:    Font shape `OT1/cmtt/bx/n' in size <8> not available
(Font)              Font shape `OT1/cmtt/m/n' tried instead on input line 495.
LaTeX Info: Redefining \. on input line 512.
LaTeX Info: Redefining \% on input line 512.
LaTeX Info: Redefining \. on input line 512.
LaTeX Info: Redefining \% on input line 512.
 [23

 <./images/remote/umbraco-version.png>]
<images/fuse/fuse_logo.png, id=469, 887.56593pt x 505.13719pt>
File: images/fuse/fuse_logo.png Graphic file (type png)
<use images/fuse/fuse_logo.png>
Package pdftex.def Info: images/fuse/fuse_logo.png  used on input line 521.
(pdftex.def)             Requested size: 260.17464pt x 148.06612pt.
<images/fuse/services.png, id=470, 956.07187pt x 462.97969pt>
File: images/fuse/services.png Graphic file (type png)
<use images/fuse/services.png>
Package pdftex.def Info: images/fuse/services.png  used on input line 532.
(pdftex.def)             Requested size: 346.89731pt x 167.98654pt.
LaTeX Info: Redefining \. on input line 545.
LaTeX Info: Redefining \% on input line 545.
 [24

 <./images/fuse/fuse_logo.png> <./images/fuse/services.png>]
<images/fuse/image2.png, id=480, 906.38625pt x 433.62pt>
File: images/fuse/image2.png Graphic file (type png)
<use images/fuse/image2.png>
Package pdftex.def Info: images/fuse/image2.png  used on input line 552.
(pdftex.def)             Requested size: 346.89731pt x 165.95505pt.
<images/fuse/image3.png, id=482, 847.66687pt x 76.78688pt>
File: images/fuse/image3.png Graphic file (type png)
<use images/fuse/image3.png>
Package pdftex.def Info: images/fuse/image3.png  used on input line 560.
(pdftex.def)             Requested size: 346.89731pt x 31.42422pt.
<images/fuse/image4.png, id=484, 903.375pt x 558.58687pt>
File: images/fuse/image4.png Graphic file (type png)
<use images/fuse/image4.png>
Package pdftex.def Info: images/fuse/image4.png  used on input line 569.
(pdftex.def)             Requested size: 303.53267pt x 187.6839pt.
LaTeX Info: Redefining \. on input line 574.
LaTeX Info: Redefining \% on input line 574.
LaTeX Info: Redefining \. on input line 574.
LaTeX Info: Redefining \% on input line 574.
 [25

 <./images/fuse/image2.png> <./images/fuse/image3.png> <./images/fuse/image4.png>]
<images/fuse/image5.png, id=495, 769.37437pt x 181.42781pt>
File: images/fuse/image5.png Graphic file (type png)
<use images/fuse/image5.png>
Package pdftex.def Info: images/fuse/image5.png  used on input line 580.
(pdftex.def)             Requested size: 346.89731pt x 81.80508pt.
<images/fuse/image6.png, id=496, 875.52094pt x 233.37187pt>
File: images/fuse/image6.png Graphic file (type png)
<use images/fuse/image6.png>
Package pdftex.def Info: images/fuse/image6.png  used on input line 586.
(pdftex.def)             Requested size: 346.89731pt x 92.46753pt.
<images/fuse/image7.png, id=497, 1172.12906pt x 341.02406pt>
File: images/fuse/image7.png Graphic file (type png)
<use images/fuse/image7.png>
Package pdftex.def Info: images/fuse/image7.png  used on input line 603.
(pdftex.def)             Requested size: 346.89731pt x 100.92384pt.
LaTeX Info: Redefining \. on input line 609.
LaTeX Info: Redefining \% on input line 609.
LaTeX Info: Redefining \. on input line 609.
LaTeX Info: Redefining \% on input line 609.
 [26

 <./images/fuse/image5.png> <./images/fuse/image6.png> <./images/fuse/image7.png>]
<images/fuse/image8.png, id=508, 982.42032pt x 427.5975pt>
File: images/fuse/image8.png Graphic file (type png)
<use images/fuse/image8.png>
Package pdftex.def Info: images/fuse/image8.png  used on input line 614.
(pdftex.def)             Requested size: 346.89731pt x 150.98586pt.
<images/fuse/image9.png, id=509, 756.57657pt x 88.83188pt>
File: images/fuse/image9.png Graphic file (type png)
<use images/fuse/image9.png>
Package pdftex.def Info: images/fuse/image9.png  used on input line 623.
(pdftex.def)             Requested size: 346.89731pt x 40.73032pt.
<images/fuse/image10.png, id=510, 971.88094pt x 171.64125pt>
File: images/fuse/image10.png Graphic file (type png)
<use images/fuse/image10.png>
Package pdftex.def Info: images/fuse/image10.png  used on input line 632.
(pdftex.def)             Requested size: 346.89731pt x 61.26436pt.
LaTeX Info: Redefining \. on input line 640.
LaTeX Info: Redefining \% on input line 640.
LaTeX Info: Redefining \. on input line 640.
LaTeX Info: Redefining \% on input line 640.
 [27

 <./images/fuse/image8.png> <./images/fuse/image9.png> <./images/fuse/image10.png>]
<images/fuse/image11.png, id=523, 935.74594pt x 51.94406pt>
File: images/fuse/image11.png Graphic file (type png)
<use images/fuse/image11.png>
Package pdftex.def Info: images/fuse/image11.png  used on input line 645.
(pdftex.def)             Requested size: 346.89731pt x 19.25703pt.
<images/fuse/image12.png, id=524, 777.65532pt x 59.47218pt>
File: images/fuse/image12.png Graphic file (type png)
<use images/fuse/image12.png>
Package pdftex.def Info: images/fuse/image12.png  used on input line 655.
(pdftex.def)             Requested size: 346.89731pt x 26.5299pt.
<images/fuse/image13.png, id=525, 326.72063pt x 251.43938pt>
File: images/fuse/image13.png Graphic file (type png)
<use images/fuse/image13.png>
Package pdftex.def Info: images/fuse/image13.png  used on input line 663.
(pdftex.def)             Requested size: 260.17464pt x 200.22713pt.
<images/fuse/image14.png, id=526, 974.89218pt x 103.88812pt>
File: images/fuse/image14.png Graphic file (type png)
<use images/fuse/image14.png>
Package pdftex.def Info: images/fuse/image14.png  used on input line 671.
(pdftex.def)             Requested size: 346.89731pt x 36.96692pt.
LaTeX Info: Redefining \. on input line 676.
LaTeX Info: Redefining \% on input line 676.
LaTeX Info: Redefining \. on input line 676.
LaTeX Info: Redefining \% on input line 676.
 [28

 <./images/fuse/image11.png> <./images/fuse/image12.png> <./images/fuse/image13.png> <./images/fuse/image14.png>]
<images/fuse/image15.png, id=538, 913.91437pt x 216.05719pt>
File: images/fuse/image15.png Graphic file (type png)
<use images/fuse/image15.png>
Package pdftex.def Info: images/fuse/image15.png  used on input line 679.
(pdftex.def)             Requested size: 346.89731pt x 82.00696pt.
<images/fuse/image16.png, id=539, 896.59969pt x 195.73125pt>
File: images/fuse/image16.png Graphic file (type png)
<use images/fuse/image16.png>
Package pdftex.def Info: images/fuse/image16.png  used on input line 687.
(pdftex.def)             Requested size: 346.89731pt x 75.72859pt.
<images/fuse/image17.png, id=540, 520.19344pt x 70.01157pt>
File: images/fuse/image17.png Graphic file (type png)
<use images/fuse/image17.png>
Package pdftex.def Info: images/fuse/image17.png  used on input line 695.
(pdftex.def)             Requested size: 303.53267pt x 40.85136pt.
<images/fuse/image18.png, id=542, 782.17218pt x 356.83313pt>
File: images/fuse/image18.png Graphic file (type png)
<use images/fuse/image18.png>
Package pdftex.def Info: images/fuse/image18.png  used on input line 706.
(pdftex.def)             Requested size: 346.89731pt x 158.25937pt.
LaTeX Info: Redefining \. on input line 710.
LaTeX Info: Redefining \% on input line 710.
LaTeX Info: Redefining \. on input line 710.
LaTeX Info: Redefining \% on input line 710.
 [29

 <./images/fuse/image15.png> <./images/fuse/image16.png> <./images/fuse/image17.png> <./images/fuse/image18.png>]
<images/fuse/image19.png, id=555, 980.91469pt x 483.30562pt>
File: images/fuse/image19.png Graphic file (type png)
<use images/fuse/image19.png>
Package pdftex.def Info: images/fuse/image19.png  used on input line 715.
(pdftex.def)             Requested size: 346.89731pt x 170.91466pt.
<images/fuse/image20.png, id=556, 684.30656pt x 271.0125pt>
File: images/fuse/image20.png Graphic file (type png)
<use images/fuse/image20.png>
Package pdftex.def Info: images/fuse/image20.png  used on input line 723.
(pdftex.def)             Requested size: 346.89731pt x 137.38747pt.
<images/fuse/image21.png, id=558, 540.51938pt x 66.2475pt>
File: images/fuse/image21.png Graphic file (type png)
<use images/fuse/image21.png>
Package pdftex.def Info: images/fuse/image21.png  used on input line 731.
(pdftex.def)             Requested size: 346.89731pt x 42.51752pt.
LaTeX Info: Redefining \. on input line 735.
LaTeX Info: Redefining \% on input line 735.
LaTeX Info: Redefining \. on input line 735.
LaTeX Info: Redefining \% on input line 735.
 [30

 <./images/fuse/image19.png> <./images/fuse/image20.png> <./images/fuse/image21.png>]
<images/fuse/sam.png, id=570, 1239.88219pt x 234.8775pt>
File: images/fuse/sam.png Graphic file (type png)
<use images/fuse/sam.png>
Package pdftex.def Info: images/fuse/sam.png  used on input line 743.
(pdftex.def)             Requested size: 346.89731pt x 65.71149pt.
LaTeX Info: Redefining \. on input line 763.
LaTeX Info: Redefining \% on input line 763.
LaTeX Info: Redefining \. on input line 763.
LaTeX Info: Redefining \% on input line 763.
 [31

 <./images/fuse/sam.png>]
<images/magic/nmap.png, id=577, 775.89874pt x 282.05376pt>
File: images/magic/nmap.png Graphic file (type png)
<use images/magic/nmap.png>
Package pdftex.def Info: images/magic/nmap.png  used on input line 771.
(pdftex.def)             Requested size: 433.62pt x 157.63054pt.
<images/magic/wfuzz.png, id=578, 958.58125pt x 358.33875pt>
File: images/magic/wfuzz.png Graphic file (type png)
<use images/magic/wfuzz.png>
Package pdftex.def Info: images/magic/wfuzz.png  used on input line 777.
(pdftex.def)             Requested size: 433.62pt x 162.09845pt.
LaTeX Info: Redefining \. on input line 781.
LaTeX Info: Redefining \% on input line 781.
 [32

 <./images/magic/nmap.png> <./images/magic/wfuzz.png>]
<images/magic/index.png, id=587, 1358.07375pt x 631.35875pt>
File: images/magic/index.png Graphic file (type png)
<use images/magic/index.png>
Package pdftex.def Info: images/magic/index.png  used on input line 786.
(pdftex.def)             Requested size: 433.62pt x 201.58614pt.
<images/magic/login.png, id=588, 606.265pt x 397.485pt>
File: images/magic/login.png Graphic file (type png)
<use images/magic/login.png>
Package pdftex.def Info: images/magic/login.png  used on input line 792.
(pdftex.def)             Requested size: 433.62pt x 284.29666pt.
LaTeX Info: Redefining \. on input line 796.
LaTeX Info: Redefining \% on input line 796.
LaTeX Info: Redefining \. on input line 796.
LaTeX Info: Redefining \% on input line 796.
 [33

 <./images/magic/index.png> <./images/magic/login.png>]
<images/magic/nmap-vuln.png, id=597, 776.9025pt x 202.7575pt>
File: images/magic/nmap-vuln.png Graphic file (type png)
<use images/magic/nmap-vuln.png>
Package pdftex.def Info: images/magic/nmap-vuln.png  used on input line 803.
(pdftex.def)             Requested size: 433.62pt x 113.16907pt.
<images/magic/login-existoso.png, id=598, 769.87625pt x 546.04pt>
File: images/magic/login-existoso.png Graphic file (type png)
<use images/magic/login-existoso.png>
Package pdftex.def Info: images/magic/login-existoso.png  used on input line 814.
(pdftex.def)             Requested size: 433.62pt x 307.55501pt.
LaTeX Info: Redefining \. on input line 818.
LaTeX Info: Redefining \% on input line 818.
LaTeX Info: Redefining \. on input line 818.
LaTeX Info: Redefining \% on input line 818.
 [34

 <./images/magic/nmap-vuln.png> <./images/magic/login-existoso.png>]
<images/magic/fallo-subida-php.png, id=607, 873.2625pt x 247.92625pt>
File: images/magic/fallo-subida-php.png Graphic file (type png)
<use images/magic/fallo-subida-php.png>
Package pdftex.def Info: images/magic/fallo-subida-php.png  used on input line 824.
(pdftex.def)             Requested size: 433.62pt x 123.10785pt.
<images/magic/intento-burpsuit.png, id=608, 777.90625pt x 601.24625pt>
File: images/magic/intento-burpsuit.png Graphic file (type png)
<use images/magic/intento-burpsuit.png>
Package pdftex.def Info: images/magic/intento-burpsuit.png  used on input line 832.
(pdftex.def)             Requested size: 433.62pt x 335.15431pt.
LaTeX Info: Redefining \. on input line 836.
LaTeX Info: Redefining \% on input line 836.
LaTeX Info: Redefining \. on input line 836.
LaTeX Info: Redefining \% on input line 836.
 [35

 <./images/magic/fallo-subida-php.png> <./images/magic/intento-burpsuit.png>]
<images/magic/fallo-burpsuite.png, id=618, 767.86874pt x 526.96875pt>
File: images/magic/fallo-burpsuite.png Graphic file (type png)
<use images/magic/fallo-burpsuite.png>
Package pdftex.def Info: images/magic/fallo-burpsuite.png  used on input line 843.
(pdftex.def)             Requested size: 433.62pt x 297.58511pt.
<images/magic/muestra-bits.png, id=619, 763.85374pt x 223.83624pt>
File: images/magic/muestra-bits.png Graphic file (type png)
<use images/magic/muestra-bits.png>
Package pdftex.def Info: images/magic/muestra-bits.png  used on input line 851.
(pdftex.def)             Requested size: 433.62pt x 127.06541pt.
LaTeX Info: Redefining \. on input line 855.
LaTeX Info: Redefining \% on input line 855.
LaTeX Info: Redefining \. on input line 855.
LaTeX Info: Redefining \% on input line 855.
 [36

 <./images/magic/fallo-burpsuite.png> <./images/magic/muestra-bits.png>]
<images/magic/cambio-bits.png, id=630, 584.1825pt x 313.17pt>
File: images/magic/cambio-bits.png Graphic file (type png)
<use images/magic/cambio-bits.png>
Package pdftex.def Info: images/magic/cambio-bits.png  used on input line 861.
(pdftex.def)             Requested size: 433.62pt x 232.46373pt.
<images/magic/subida-exitosa.png, id=631, 517.935pt x 148.555pt>
File: images/magic/subida-exitosa.png Graphic file (type png)
<use images/magic/subida-exitosa.png>
Package pdftex.def Info: images/magic/subida-exitosa.png  used on input line 869.
(pdftex.def)             Requested size: 433.62pt x 124.37732pt.
<images/magic/apuntando-reverse1.png, id=632, 487.8225pt x 62.2325pt>
File: images/magic/apuntando-reverse1.png Graphic file (type png)
<use images/magic/apuntando-reverse1.png>
Package pdftex.def Info: images/magic/apuntando-reverse1.png  used on input line 878.
(pdftex.def)             Requested size: 433.62pt x 55.31837pt.
LaTeX Info: Redefining \. on input line 883.
LaTeX Info: Redefining \% on input line 883.
LaTeX Info: Redefining \. on input line 883.
LaTeX Info: Redefining \% on input line 883.
 [37

 <./images/magic/cambio-bits.png> <./images/magic/subida-exitosa.png> <./images/magic/apuntando-reverse1.png>]
<images/magic/acceso-maquina.png, id=643, 960.58875pt x 218.8175pt>
File: images/magic/acceso-maquina.png Graphic file (type png)
<use images/magic/acceso-maquina.png>
Package pdftex.def Info: images/magic/acceso-maquina.png  used on input line 889.
(pdftex.def)             Requested size: 433.62pt x 98.77747pt.
<images/magic/fallo-lectura-flag.png, id=644, 420.57124pt x 247.92625pt>
File: images/magic/fallo-lectura-flag.png Graphic file (type png)
<use images/magic/fallo-lectura-flag.png>
Package pdftex.def Info: images/magic/fallo-lectura-flag.png  used on input line 897.
(pdftex.def)             Requested size: 303.53267pt x 178.93425pt.
LaTeX Info: Redefining \. on input line 901.
LaTeX Info: Redefining \% on input line 901.
LaTeX Info: Redefining \. on input line 901.
LaTeX Info: Redefining \% on input line 901.
 [38

 <./images/magic/acceso-maquina.png> <./images/magic/fallo-lectura-flag.png>]
<images/magic/credenciales-mysql.png, id=653, 667.49374pt x 343.2825pt>
File: images/magic/credenciales-mysql.png Graphic file (type png)
<use images/magic/credenciales-mysql.png>
Package pdftex.def Info: images/magic/credenciales-mysql.png  used on input line 911.
(pdftex.def)             Requested size: 390.25534pt x 200.70682pt.
<images/magic/descargar-chisel.png, id=655, 882.29625pt x 395.4775pt>
File: images/magic/descargar-chisel.png Graphic file (type png)
<use images/magic/descargar-chisel.png>
Package pdftex.def Info: images/magic/descargar-chisel.png  used on input line 921.
(pdftex.def)             Requested size: 390.25534pt x 174.92787pt.
LaTeX Info: Redefining \. on input line 925.
LaTeX Info: Redefining \% on input line 925.
LaTeX Info: Redefining \. on input line 925.
LaTeX Info: Redefining \% on input line 925.
 [39

 <./images/magic/credenciales-mysql.png> <./images/magic/descargar-chisel.png>]
<images/magic/chisel-server.png, id=664, 885.3075pt x 108.405pt>
File: images/magic/chisel-server.png Graphic file (type png)
<use images/magic/chisel-server.png>
Package pdftex.def Info: images/magic/chisel-server.png  used on input line 931.
(pdftex.def)             Requested size: 433.62pt x 53.0974pt.
<images/magic/chisel-cliente.png, id=665, 806.01125pt x 93.34875pt>
File: images/magic/chisel-cliente.png Graphic file (type png)
<use images/magic/chisel-cliente.png>
Package pdftex.def Info: images/magic/chisel-cliente.png  used on input line 938.
(pdftex.def)             Requested size: 433.62pt x 50.21954pt.
<images/magic/conexion-mysql.png, id=666, 894.34125pt x 288.07625pt>
File: images/magic/conexion-mysql.png Graphic file (type png)
<use images/magic/conexion-mysql.png>
Package pdftex.def Info: images/magic/conexion-mysql.png  used on input line 945.
(pdftex.def)             Requested size: 433.62pt x 139.67725pt.
<images/magic/mostrando-tablas.png, id=667, 278.03876pt x 166.6225pt>
File: images/magic/mostrando-tablas.png Graphic file (type png)
<use images/magic/mostrando-tablas.png>
Package pdftex.def Info: images/magic/mostrando-tablas.png  used on input line 952.
(pdftex.def)             Requested size: 173.44534pt x 103.94302pt.
LaTeX Info: Redefining \. on input line 956.
LaTeX Info: Redefining \% on input line 956.
LaTeX Info: Redefining \. on input line 956.
LaTeX Info: Redefining \% on input line 956.
 [40

 <./images/magic/chisel-server.png> <./images/magic/chisel-cliente.png> <./images/magic/conexion-mysql.png> <./images/magic/mostrando-tablas.png>]
<images/magic/obtención-credenciales.png, id=680, 405.515pt x 296.10625pt>
File: images/magic/obtención-credenciales.png Graphic file (type png)
<use images/magic/obtención-credenciales.png>
Package pdftex.def Info: images/magic/obtención-credenciales.png  used on input line 961.
(pdftex.def)             Requested size: 216.81pt x 158.31813pt.
<images/magic/ingreso-existoso.png, id=681, 406.51875pt x 308.15125pt>
File: images/magic/ingreso-existoso.png Graphic file (type png)
<use images/magic/ingreso-existoso.png>
Package pdftex.def Info: images/magic/ingreso-existoso.png  used on input line 972.
(pdftex.def)             Requested size: 303.53267pt x 230.09251pt.
LaTeX Info: Redefining \. on input line 976.
LaTeX Info: Redefining \% on input line 976.
LaTeX Info: Redefining \. on input line 976.
LaTeX Info: Redefining \% on input line 976.
 [41

 <./images/magic/obtención-credenciales.png> <./images/magic/ingreso-existoso.png>]
LaTeX Info: Redefining \. on input line 982.
LaTeX Info: Redefining \% on input line 982.
LaTeX Info: Redefining \. on input line 982.
LaTeX Info: Redefining \% on input line 982.
 [42

] (main.aux (caratula/Caratula.aux)
LaTeX Info: Redefining \. on input line 26.
LaTeX Info: Redefining \% on input line 26.
)
Package rerunfilecheck Info: File `main.out' has not changed.
(rerunfilecheck)             Checksum: EF7BB89C596E5B04A4DC292D11F37AA8;5049.
 ) 
Here is how much of TeX's memory you used:
 15782 strings out of 478927
 255428 string characters out of 2848232
 671800 words of memory out of 3000000
 33133 multiletter control sequences out of 15000+600000
 406671 words of font info for 38 fonts, out of 8000000 for 9000
 1141 hyphenation exceptions out of 8191
 62i,15n,75p,655b,1422s stack positions out of 5000i,500n,10000p,200000b,80000s
 <C:\Users\Alfonso Suarez\AppData\Local\MiKTeX\fonts/pk/ljfour/jknappen/ec/dpi600\tctt0800.pk><C:/Users/Alfonso Suarez/AppData/Local/Programs/MiKTeX/fonts/type1/public/amsfonts/cm/cmbx10.pfb><C:/Users/Alfonso Suarez/AppData/Local/Programs/MiKTeX/fonts/type1/public/amsfonts/cm/cmbx12.pfb><C:/Users/Alfonso Suarez/AppData/Local/Programs/MiKTeX/fonts/type1/public/amsfonts/cm/cmr10.pfb><C:/Users/Alfonso Suarez/AppData/Local/Programs/MiKTeX/fonts/type1/public/amsfonts/cm/cmr12.pfb><C:/Users/Alfonso Suarez/AppData/Local/Programs/MiKTeX/fonts/type1/public/amsfonts/cm/cmr5.pfb><C:/Users/Alfonso Suarez/AppData/Local/Programs/MiKTeX/fonts/type1/public/amsfonts/cm/cmr7.pfb><C:/Users/Alfonso Suarez/AppData/Local/Programs/MiKTeX/fonts/type1/public/amsfonts/cm/cmsl10.pfb><C:/Users/Alfonso Suarez/AppData/Local/Programs/MiKTeX/fonts/type1/public/amsfonts/cm/cmsy10.pfb><C:/Users/Alfonso Suarez/AppData/Local/Programs/MiKTeX/fonts/type1/public/amsfonts/cm/cmtt8.pfb>
Output written on main.pdf (43 pages, 12925044 bytes).
PDF statistics:
 783 PDF objects out of 1000 (max. 8388607)
 195 named destinations out of 1000 (max. 500000)
 770 words of extra memory for PDF output out of 10000 (max. 10000000)

