This is pdfTeX, Version 3.141592653-2.6-1.40.23 (MiKTeX 21.8) (preloaded format=pdflatex 2021.11.28)  28 NOV 2021 12:29
entering extended mode
**e:/Informes_HTB/informe3/Informe3.tex
(e:/Informes_HTB/informe3/Informe3.tex
LaTeX2e <2021-06-01> patch level 1
L3 programming layer <2021-08-27> (C:\Users\lemon\AppData\Local\Programs\MiKTeX\tex/latex/base\article.cls
Document Class: article 2021/02/12 v1.4n Standard LaTeX document class
(C:\Users\lemon\AppData\Local\Programs\MiKTeX\tex/latex/base\size10.clo
File: size10.clo 2021/02/12 v1.4n Standard LaTeX file (size option)
)
\c@part=\count182
\c@section=\count183
\c@subsection=\count184
\c@subsubsection=\count185
\c@paragraph=\count186
\c@subparagraph=\count187
\c@figure=\count188
\c@table=\count189
\abovecaptionskip=\skip47
\belowcaptionskip=\skip48
\bibindent=\dimen138
) (C:\Users\lemon\AppData\Local\Programs\MiKTeX\tex/latex/geometry\geometry.sty
Package: geometry 2020/01/02 v5.9 Page Geometry
 (C:\Users\lemon\AppData\Local\Programs\MiKTeX\tex/latex/graphics\keyval.sty
Package: keyval 2014/10/28 v1.15 key=value parser (DPC)
\KV@toks@=\toks16
) (C:\Users\lemon\AppData\Local\Programs\MiKTeX\tex/generic/iftex\ifvtex.sty
Package: ifvtex 2019/10/25 v1.7 ifvtex legacy package. Use iftex instead.
 (C:\Users\lemon\AppData\Local\Programs\MiKTeX\tex/generic/iftex\iftex.sty
Package: iftex 2020/03/06 v1.0d TeX engine tests
))
\Gm@cnth=\count190
\Gm@cntv=\count191
\c@Gm@tempcnt=\count192
\Gm@bindingoffset=\dimen139
\Gm@wd@mp=\dimen140
\Gm@odd@mp=\dimen141
\Gm@even@mp=\dimen142
\Gm@layoutwidth=\dimen143
\Gm@layoutheight=\dimen144
\Gm@layouthoffset=\dimen145
\Gm@layoutvoffset=\dimen146
\Gm@dimlist=\toks17
 (C:\Users\lemon\AppData\Local\Programs\MiKTeX\tex/latex/geometry\geometry.cfg)) (C:\Users\lemon\AppData\Local\Programs\MiKTeX\tex/generic/babel\babel.sty
Package: babel 2021/07/22 3.63 The Babel package
 (C:\Users\lemon\AppData\Local\Programs\MiKTeX\tex/generic/babel\babel.def
File: babel.def 2021/07/22 3.63 Babel common definitions
\babel@savecnt=\count193
\U@D=\dimen147
\l@unhyphenated=\language79
 (C:\Users\lemon\AppData\Local\Programs\MiKTeX\tex/generic/babel\txtbabel.def)
\bbl@readstream=\read2
)
\bbl@dirlevel=\count194

*************************************
* Local config file bblopts.cfg used
*
(C:\Users\lemon\AppData\Local\Programs\MiKTeX\tex/latex/arabi\bblopts.cfg
File: bblopts.cfg 2005/09/08 v0.1 add Arabic and Farsi to "declared" options of babel
) (C:\Users\lemon\AppData\Local\Programs\MiKTeX\tex/latex/babel-spanish\spanish.ldf
Language: spanish.ldf 2021/05/27 v5.0q Spanish support from the babel system
\es@quottoks=\toks18
\es@quotdepth=\count195
Package babel Info: Making " an active character on input line 570.
Package babel Info: Making . an active character on input line 675.
Package babel Info: Making < an active character on input line 722.
Package babel Info: Making > an active character on input line 722.
)) (C:\Users\lemon\AppData\Local\Programs\MiKTeX\tex/latex/parskip\parskip.sty
Package: parskip 2021-03-14 v2.0h non-zero parskip adjustments
 (C:\Users\lemon\AppData\Local\Programs\MiKTeX\tex/latex/kvoptions\kvoptions.sty
Package: kvoptions 2020-10-07 v3.14 Key value format for package options (HO)
 (C:\Users\lemon\AppData\Local\Programs\MiKTeX\tex/generic/ltxcmds\ltxcmds.sty
Package: ltxcmds 2020-05-10 v1.25 LaTeX kernel commands for general use (HO)
) (C:\Users\lemon\AppData\Local\Programs\MiKTeX\tex/generic/kvsetkeys\kvsetkeys.sty
Package: kvsetkeys 2019/12/15 v1.18 Key value parser (HO)
)) (C:\Users\lemon\AppData\Local\Programs\MiKTeX\tex/latex/etoolbox\etoolbox.sty
Package: etoolbox 2020/10/05 v2.5k e-TeX tools for LaTeX (JAW)
\etb@tempcnta=\count196
)) (C:\Users\lemon\AppData\Local\Programs\MiKTeX\tex/latex/setspace\setspace.sty
Package: setspace 2011/12/19 v6.7a set line spacing
) (C:\Users\lemon\AppData\Local\Programs\MiKTeX\tex/latex/graphics\graphicx.sty
Package: graphicx 2020/12/05 v1.2c Enhanced LaTeX Graphics (DPC,SPQR)
 (C:\Users\lemon\AppData\Local\Programs\MiKTeX\tex/latex/graphics\graphics.sty
Package: graphics 2021/03/04 v1.4d Standard LaTeX Graphics (DPC,SPQR)
 (C:\Users\lemon\AppData\Local\Programs\MiKTeX\tex/latex/graphics\trig.sty
Package: trig 2016/01/03 v1.10 sin cos tan (DPC)
) (C:\Users\lemon\AppData\Local\Programs\MiKTeX\tex/latex/graphics-cfg\graphics.cfg
File: graphics.cfg 2016/06/04 v1.11 sample graphics configuration
)
Package graphics Info: Driver file: pdftex.def on input line 107.
 (C:\Users\lemon\AppData\Local\Programs\MiKTeX\tex/latex/graphics-def\pdftex.def
File: pdftex.def 2020/10/05 v1.2a Graphics/color driver for pdftex
))
\Gin@req@height=\dimen148
\Gin@req@width=\dimen149
) (C:\Users\lemon\AppData\Local\Programs\MiKTeX\tex/latex/fancyhdr\fancyhdr.sty
Package: fancyhdr 2021/01/28 v4.0.1 Extensive control of page headers and footers
\f@nch@headwidth=\skip49
\f@nch@O@elh=\skip50
\f@nch@O@erh=\skip51
\f@nch@O@olh=\skip52
\f@nch@O@orh=\skip53
\f@nch@O@elf=\skip54
\f@nch@O@erf=\skip55
\f@nch@O@olf=\skip56
\f@nch@O@orf=\skip57
) (C:\Users\lemon\AppData\Local\Programs\MiKTeX\tex/latex/base\makeidx.sty
Package: makeidx 2014/09/29 v1.0m Standard LaTeX package
) (C:\Users\lemon\AppData\Local\Programs\MiKTeX\tex/latex/graphics\lscape.sty
Package: lscape 2020/05/28 v3.02 Landscape Pages (DPC)
) (C:\Users\lemon\AppData\Local\Programs\MiKTeX\tex/latex/pdflscape\pdflscape.sty
Package: pdflscape 2019/12/05 v0.12 Display of landscape pages in PDF (HO)
Package pdflscape Info: Auto-detected driver: pdftex on input line 81.
) (C:\Users\lemon\AppData\Local\Programs\MiKTeX\tex/latex/pdfpages\pdfpages.sty
Package: pdfpages 2021/03/06 v0.5t Insert pages of external PDF documents (AM)
 (C:\Users\lemon\AppData\Local\Programs\MiKTeX\tex/latex/base\ifthen.sty
Package: ifthen 2020/11/24 v1.1c Standard LaTeX ifthen package (DPC)
) (C:\Users\lemon\AppData\Local\Programs\MiKTeX\tex/latex/tools\calc.sty
Package: calc 2017/05/25 v4.3 Infix arithmetic (KKT,FJ)
\calc@Acount=\count197
\calc@Bcount=\count198
\calc@Adimen=\dimen150
\calc@Bdimen=\dimen151
\calc@Askip=\skip58
\calc@Bskip=\skip59
LaTeX Info: Redefining \setlength on input line 80.
LaTeX Info: Redefining \addtolength on input line 81.
\calc@Ccount=\count199
\calc@Cskip=\skip60
) (C:\Users\lemon\AppData\Local\Programs\MiKTeX\tex/latex/eso-pic\eso-pic.sty
Package: eso-pic 2020/10/14 v3.0a eso-pic (RN)
\ESO@tempdima=\dimen152
\ESO@tempdimb=\dimen153
 (C:\Users\lemon\AppData\Local\Programs\MiKTeX\tex/latex/xcolor\xcolor.sty
Package: xcolor 2016/05/11 v2.12 LaTeX color extensions (UK)
 (C:\Users\lemon\AppData\Local\Programs\MiKTeX\tex/latex/graphics-cfg\color.cfg
File: color.cfg 2016/01/02 v1.6 sample color configuration
)
Package xcolor Info: Driver file: pdftex.def on input line 225.
Package xcolor Info: Model `cmy' substituted by `cmy0' on input line 1348.
Package xcolor Info: Model `hsb' substituted by `rgb' on input line 1352.
Package xcolor Info: Model `RGB' extended on input line 1364.
Package xcolor Info: Model `HTML' substituted by `rgb' on input line 1366.
Package xcolor Info: Model `Hsb' substituted by `hsb' on input line 1367.
Package xcolor Info: Model `tHsb' substituted by `hsb' on input line 1368.
Package xcolor Info: Model `HSB' substituted by `hsb' on input line 1369.
Package xcolor Info: Model `Gray' substituted by `gray' on input line 1370.
Package xcolor Info: Model `wave' substituted by `hsb' on input line 1371.
))
\AM@pagewidth=\dimen154
\AM@pageheight=\dimen155
\AM@fboxrule=\dimen156
 (C:\Users\lemon\AppData\Local\Programs\MiKTeX\tex/latex/pdfpages\pppdftex.def
File: pppdftex.def 2021/03/06 v0.5t Pdfpages driver for pdfTeX (AM)
)
\pdfpages@includegraphics@status=\count266
\AM@pagebox=\box50
\AM@global@opts=\toks19
\AM@pagecnt=\count267
\AM@toc@title=\toks20
\c@AM@survey=\count268
\AM@templatesizebox=\box51
) (C:\Users\lemon\AppData\Local\Programs\MiKTeX\tex/latex/graphics\rotating.sty
Package: rotating 2016/08/11 v2.16d rotated objects in LaTeX
\c@r@tfl@t=\count269
\rotFPtop=\skip61
\rotFPbot=\skip62
\rot@float@box=\box52
\rot@mess@toks=\toks21
) (C:\Users\lemon\AppData\Local\Programs\MiKTeX\tex/latex/listings\listings.sty
\lst@mode=\count270
\lst@gtempboxa=\box53
\lst@token=\toks22
\lst@length=\count271
\lst@currlwidth=\dimen157
\lst@column=\count272
\lst@pos=\count273
\lst@lostspace=\dimen158
\lst@width=\dimen159
\lst@newlines=\count274
\lst@lineno=\count275
\lst@maxwidth=\dimen160
 (C:\Users\lemon\AppData\Local\Programs\MiKTeX\tex/latex/listings\lstmisc.sty
File: lstmisc.sty 2020/03/24 1.8d (Carsten Heinz)
\c@lstnumber=\count276
\lst@skipnumbers=\count277
\lst@framebox=\box54
) (C:\Users\lemon\AppData\Local\Programs\MiKTeX\tex/latex/listings\listings.cfg
File: listings.cfg 2020/03/24 1.8d listings configuration
))
Package: listings 2020/03/24 1.8d (Carsten Heinz)
 (C:\Users\lemon\AppData\Local\Programs\MiKTeX\tex/latex/float\float.sty
Package: float 2001/11/08 v1.3d Float enhancements (AL)
\c@float@type=\count278
\float@exts=\toks23
\float@box=\box55
\@float@everytoks=\toks24
\@floatcapt=\box56
) (C:\Users\lemon\AppData\Local\Programs\MiKTeX\tex/latex/caption\caption.sty
Package: caption 2020/10/26 v3.5g Customizing captions (AR)
 (C:\Users\lemon\AppData\Local\Programs\MiKTeX\tex/latex/caption\caption3.sty
Package: caption3 2020/10/21 v2.2e caption3 kernel (AR)
\captionmargin=\dimen161
\captionmargin@=\dimen162
\captionwidth=\dimen163
\caption@tempdima=\dimen164
\caption@indent=\dimen165
\caption@parindent=\dimen166
\caption@hangindent=\dimen167
Package caption Info: Standard document class detected.
)
\c@caption@flags=\count279
\c@continuedfloat=\count280
Package caption Info: float package is loaded.
Package caption Info: listings package is loaded.
Package caption Info: rotating package is loaded.
) (C:\Users\lemon\AppData\Local\Programs\MiKTeX\tex/latex/caption\subcaption.sty
Package: subcaption 2020/10/07 v1.3j Sub-captions (AR)
\c@subfigure=\count281
\c@subtable=\count282
) (C:\Users\lemon\AppData\Local\Programs\MiKTeX\tex/latex/listings\lstlang1.sty
File: lstlang1.sty 2020/03/24 1.8d listings language file
) (C:\Users\lemon\AppData\Local\Programs\MiKTeX\tex/latex/listings\lstlang1.sty
File: lstlang1.sty 2020/03/24 1.8d listings language file
) (C:\Users\lemon\AppData\Local\Programs\MiKTeX\tex/latex/listings\lstmisc.sty
File: lstmisc.sty 2020/03/24 1.8d (Carsten Heinz)
) (C:\Users\lemon\AppData\Local\Programs\MiKTeX\tex/latex/hyperref\hyperref.sty
Package: hyperref 2021-06-07 v7.00m Hypertext links for LaTeX
 (C:\Users\lemon\AppData\Local\Programs\MiKTeX\tex/generic/pdftexcmds\pdftexcmds.sty
Package: pdftexcmds 2020-06-27 v0.33 Utility functions of pdfTeX for LuaTeX (HO)
 (C:\Users\lemon\AppData\Local\Programs\MiKTeX\tex/generic/infwarerr\infwarerr.sty
Package: infwarerr 2019/12/03 v1.5 Providing info/warning/error messages (HO)
)
Package pdftexcmds Info: \pdf@primitive is available.
Package pdftexcmds Info: \pdf@ifprimitive is available.
Package pdftexcmds Info: \pdfdraftmode found.
) (C:\Users\lemon\AppData\Local\Programs\MiKTeX\tex/generic/kvdefinekeys\kvdefinekeys.sty
Package: kvdefinekeys 2019-12-19 v1.6 Define keys (HO)
) (C:\Users\lemon\AppData\Local\Programs\MiKTeX\tex/generic/pdfescape\pdfescape.sty
Package: pdfescape 2019/12/09 v1.15 Implements pdfTeX's escape features (HO)
) (C:\Users\lemon\AppData\Local\Programs\MiKTeX\tex/latex/hycolor\hycolor.sty
Package: hycolor 2020-01-27 v1.10 Color options for hyperref/bookmark (HO)
) (C:\Users\lemon\AppData\Local\Programs\MiKTeX\tex/latex/letltxmacro\letltxmacro.sty
Package: letltxmacro 2019/12/03 v1.6 Let assignment for LaTeX macros (HO)
) (C:\Users\lemon\AppData\Local\Programs\MiKTeX\tex/latex/auxhook\auxhook.sty
Package: auxhook 2019-12-17 v1.6 Hooks for auxiliary files (HO)
)
\@linkdim=\dimen168
\Hy@linkcounter=\count283
\Hy@pagecounter=\count284
 (C:\Users\lemon\AppData\Local\Programs\MiKTeX\tex/latex/hyperref\pd1enc.def
File: pd1enc.def 2021-06-07 v7.00m Hyperref: PDFDocEncoding definition (HO)
Now handling font encoding PD1 ...
... no UTF-8 mapping file for font encoding PD1
) (C:\Users\lemon\AppData\Local\Programs\MiKTeX\tex/latex/hyperref\hyperref-langpatches.def
File: hyperref-langpatches.def 2021-06-07 v7.00m Hyperref: patches for babel languages
) (C:\Users\lemon\AppData\Local\Programs\MiKTeX\tex/generic/intcalc\intcalc.sty
Package: intcalc 2019/12/15 v1.3 Expandable calculations with integers (HO)
) (C:\Users\lemon\AppData\Local\Programs\MiKTeX\tex/generic/etexcmds\etexcmds.sty
Package: etexcmds 2019/12/15 v1.7 Avoid name clashes with e-TeX commands (HO)
)
\Hy@SavedSpaceFactor=\count285
 (C:\Users\lemon\AppData\Local\Programs\MiKTeX\tex/latex/hyperref\puenc.def
File: puenc.def 2021-06-07 v7.00m Hyperref: PDF Unicode definition (HO)
Now handling font encoding PU ...
... no UTF-8 mapping file for font encoding PU
)
Package hyperref Info: Hyper figures OFF on input line 4192.
Package hyperref Info: Link nesting OFF on input line 4197.
Package hyperref Info: Hyper index ON on input line 4200.
Package hyperref Info: Plain pages OFF on input line 4207.
Package hyperref Info: Backreferencing OFF on input line 4212.
Package hyperref Info: Implicit mode ON; LaTeX internals redefined.
Package hyperref Info: Bookmarks ON on input line 4445.
\c@Hy@tempcnt=\count286
 (C:\Users\lemon\AppData\Local\Programs\MiKTeX\tex/latex/url\url.sty
\Urlmuskip=\muskip16
Package: url 2013/09/16  ver 3.4  Verb mode for urls, etc.
)
LaTeX Info: Redefining \url on input line 4804.
\XeTeXLinkMargin=\dimen169
 (C:\Users\lemon\AppData\Local\Programs\MiKTeX\tex/generic/bitset\bitset.sty
Package: bitset 2019/12/09 v1.3 Handle bit-vector datatype (HO)
 (C:\Users\lemon\AppData\Local\Programs\MiKTeX\tex/generic/bigintcalc\bigintcalc.sty
Package: bigintcalc 2019/12/15 v1.5 Expandable calculations on big integers (HO)
))
\Fld@menulength=\count287
\Field@Width=\dimen170
\Fld@charsize=\dimen171
Package hyperref Info: Hyper figures OFF on input line 6076.
Package hyperref Info: Link nesting OFF on input line 6081.
Package hyperref Info: Hyper index ON on input line 6084.
Package hyperref Info: backreferencing OFF on input line 6091.
Package hyperref Info: Link coloring OFF on input line 6096.
Package hyperref Info: Link coloring with OCG OFF on input line 6101.
Package hyperref Info: PDF/A mode OFF on input line 6106.
LaTeX Info: Redefining \ref on input line 6146.
LaTeX Info: Redefining \pageref on input line 6150.
 (C:\Users\lemon\AppData\Local\Programs\MiKTeX\tex/latex/base\atbegshi-ltx.sty
Package: atbegshi-ltx 2021/01/10 v1.0c Emulation of the original atbegshi
package with kernel methods
)
\Hy@abspage=\count288
\c@Item=\count289
\c@Hfootnote=\count290
)
Package hyperref Info: Driver (autodetected): hpdftex.
 (C:\Users\lemon\AppData\Local\Programs\MiKTeX\tex/latex/hyperref\hpdftex.def
File: hpdftex.def 2021-06-07 v7.00m Hyperref driver for pdfTeX
 (C:\Users\lemon\AppData\Local\Programs\MiKTeX\tex/latex/base\atveryend-ltx.sty
Package: atveryend-ltx 2020/08/19 v1.0a Emulation of the original atvery package
with kernel methods
)
\Fld@listcount=\count291
\c@bookmark@seq@number=\count292
 (C:\Users\lemon\AppData\Local\Programs\MiKTeX\tex/latex/rerunfilecheck\rerunfilecheck.sty
Package: rerunfilecheck 2019/12/05 v1.9 Rerun checks for auxiliary files (HO)
 (C:\Users\lemon\AppData\Local\Programs\MiKTeX\tex/generic/uniquecounter\uniquecounter.sty
Package: uniquecounter 2019/12/15 v1.4 Provide unlimited unique counter (HO)
)
Package uniquecounter Info: New unique counter `rerunfilecheck' on input line 286.
)
\Hy@SectionHShift=\skip63
) (C:\Users\lemon\AppData\Local\Programs\MiKTeX\tex/latex/l3backend\l3backend-pdftex.def
File: l3backend-pdftex.def 2021-08-04 L3 backend support: PDF output (pdfTeX)
\l__color_backend_stack_int=\count293
\l__pdf_internal_box=\box57
) (Informe3.aux (caratula/Caratula.aux)
LaTeX Info: Redefining \. on input line 26.
LaTeX Info: Redefining \% on input line 26.
)
\openout1 = `Informe3.aux'.

LaTeX Font Info:    Checking defaults for OML/cmm/m/it on input line 43.
LaTeX Font Info:    ... okay on input line 43.
LaTeX Font Info:    Checking defaults for OMS/cmsy/m/n on input line 43.
LaTeX Font Info:    ... okay on input line 43.
LaTeX Font Info:    Checking defaults for OT1/cmr/m/n on input line 43.
LaTeX Font Info:    ... okay on input line 43.
LaTeX Font Info:    Checking defaults for T1/cmr/m/n on input line 43.
LaTeX Font Info:    ... okay on input line 43.
LaTeX Font Info:    Checking defaults for TS1/cmr/m/n on input line 43.
LaTeX Font Info:    ... okay on input line 43.
LaTeX Font Info:    Checking defaults for OMX/cmex/m/n on input line 43.
LaTeX Font Info:    ... okay on input line 43.
LaTeX Font Info:    Checking defaults for U/cmr/m/n on input line 43.
LaTeX Font Info:    ... okay on input line 43.
LaTeX Font Info:    Checking defaults for PD1/pdf/m/n on input line 43.
LaTeX Font Info:    ... okay on input line 43.
LaTeX Font Info:    Checking defaults for PU/pdf/m/n on input line 43.
LaTeX Font Info:    ... okay on input line 43.

*geometry* driver: auto-detecting
*geometry* detected driver: pdftex
*geometry* verbose mode - [ preamble ] result:
* driver: pdftex
* paper: a4paper
* layout: <same size as paper>
* layoutoffset:(h,v)=(0.0pt,0.0pt)
* modes: 
* h-part:(L,W,R)=(81.94394pt, 433.62pt, 81.94394pt)
* v-part:(T,H,B)=(77.84674pt, 650.43pt, 116.77011pt)
* \paperwidth=597.50787pt
* \paperheight=845.04684pt
* \textwidth=433.62pt
* \textheight=650.43pt
* \oddsidemargin=9.67395pt
* \evensidemargin=9.67395pt
* \topmargin=-31.42325pt
* \headheight=30.2pt
* \headsep=30.0pt
* \topskip=10.0pt
* \footskip=30.0pt
* \marginparwidth=65.0pt
* \marginparsep=11.0pt
* \columnsep=10.0pt
* \skip\footins=9.0pt plus 4.0pt minus 2.0pt
* \hoffset=0.0pt
* \voffset=0.0pt
* \mag=1000
* \@twocolumnfalse
* \@twosidefalse
* \@mparswitchfalse
* \@reversemarginfalse
* (1in=72.27pt=25.4mm, 1cm=28.453pt)

LaTeX Info: Redefining \. on input line 43.
LaTeX Info: Redefining \% on input line 43.
(C:\Users\lemon\AppData\Local\Programs\MiKTeX\tex/context/base/mkii\supp-pdf.mkii
[Loading MPS to PDF converter (version 2006.09.02).]
\scratchcounter=\count294
\scratchdimen=\dimen172
\scratchbox=\box58
\nofMPsegments=\count295
\nofMParguments=\count296
\everyMPshowfont=\toks25
\MPscratchCnt=\count297
\MPscratchDim=\dimen173
\MPnumerator=\count298
\makeMPintoPDFobject=\count299
\everyMPtoPDFconversion=\toks26
) (C:\Users\lemon\AppData\Local\Programs\MiKTeX\tex/latex/epstopdf-pkg\epstopdf-base.sty
Package: epstopdf-base 2020-01-24 v2.11 Base part for package epstopdf
Package epstopdf-base Info: Redefining graphics rule for `.eps' on input line 485.
 (C:\Users\lemon\AppData\Local\Programs\MiKTeX\tex/latex/00miktex\epstopdf-sys.cfg
File: epstopdf-sys.cfg 2021/03/18 v2.0 Configuration of epstopdf for MiKTeX
))
\c@lstlisting=\count300
Package caption Info: Begin \AtBeginDocument code.
Package caption Info: hyperref package is loaded.
Package caption Info: End \AtBeginDocument code.
Package hyperref Info: Link coloring OFF on input line 43.
 (C:\Users\lemon\AppData\Local\Programs\MiKTeX\tex/latex/hyperref\nameref.sty
Package: nameref 2021-04-02 v2.47 Cross-referencing by name of section
 (C:\Users\lemon\AppData\Local\Programs\MiKTeX\tex/latex/refcount\refcount.sty
Package: refcount 2019/12/15 v3.6 Data extraction from label references (HO)
) (C:\Users\lemon\AppData\Local\Programs\MiKTeX\tex/generic/gettitlestring\gettitlestring.sty
Package: gettitlestring 2019/12/15 v1.6 Cleanup title references (HO)
)
\c@section@level=\count301
)
LaTeX Info: Redefining \ref on input line 43.
LaTeX Info: Redefining \pageref on input line 43.
LaTeX Info: Redefining \nameref on input line 43.
 (Informe3.out) (Informe3.out)
\@outlinefile=\write3
\openout3 = `Informe3.out'.

\openout2 = `caratula/Caratula.aux'.

 (caratula/Caratula.tex
<images/CiberSecFIIS.png, id=75, 512.66531pt x 438.8897pt>
File: images/CiberSecFIIS.png Graphic file (type png)
<use images/CiberSecFIIS.png>
Package pdftex.def Info: images/CiberSecFIIS.png  used on input line 11.
(pdftex.def)             Requested size: 195.12767pt x 167.04768pt.
LaTeX Font Info:    External font `cmex10' loaded for size
(Font)              <7> on input line 34.
LaTeX Font Info:    External font `cmex10' loaded for size
(Font)              <5> on input line 34.
 [1


{C:/Users/lemon/AppData/Local/MiKTeX/pdftex/config/pdftex.map} <./images/CiberSecFIIS.png>]) (Informe3.toc
LaTeX Info: Redefining \. on input line 1.
LaTeX Info: Redefining \% on input line 1.
)
\tf@toc=\write4
\openout4 = `Informe3.toc'.

LaTeX Info: Redefining \. on input line 48.
LaTeX Info: Redefining \% on input line 48.
LaTeX Info: Redefining \. on input line 48.
LaTeX Info: Redefining \% on input line 48.
pdfTeX warning (ext4): destination with the same identifier (name{page.1}) has been already used, duplicate ignored
<to be read again> 
                   \relax 
l.48 \clearpage
                [1



]
<images/time/nmap.png, id=111, 701.62125pt x 196.735pt>
File: images/time/nmap.png Graphic file (type png)
<use images/time/nmap.png>
Package pdftex.def Info: images/time/nmap.png  used on input line 61.
(pdftex.def)             Requested size: 433.62pt x 121.59018pt.
<images/time/nmap_version.png, id=112, 971.63pt x 174.6525pt>
File: images/time/nmap_version.png Graphic file (type png)
<use images/time/nmap_version.png>
Package pdftex.def Info: images/time/nmap_version.png  used on input line 68.
(pdftex.def)             Requested size: 433.62pt x 77.94264pt.
LaTeX Info: Redefining \. on input line 77.
LaTeX Info: Redefining \% on input line 77.
 [2

 <./images/time/nmap.png> <./images/time/nmap_version.png>]
<images/time/gobuster.png, id=121, 975.645pt x 483.8075pt>
File: images/time/gobuster.png Graphic file (type png)
<use images/time/gobuster.png>
Package pdftex.def Info: images/time/gobuster.png  used on input line 81.
(pdftex.def)             Requested size: 433.62pt x 215.0242pt.
<images/time/index.png, id=122, 1144.275pt x 634.37pt>
File: images/time/index.png Graphic file (type png)
<use images/time/index.png>
Package pdftex.def Info: images/time/index.png  used on input line 87.
(pdftex.def)             Requested size: 433.62pt x 240.3952pt.
LaTeX Info: Redefining \. on input line 90.
LaTeX Info: Redefining \% on input line 90.
LaTeX Info: Redefining \. on input line 90.
LaTeX Info: Redefining \% on input line 90.
 [3

 <./images/time/gobuster.png> <./images/time/index.png>]
LaTeX Font Info:    Font shape `OT1/cmtt/bx/n' in size <8> not available
(Font)              Font shape `OT1/cmtt/m/n' tried instead on input line 114.
<images/time/injection.png, id=133, 855.195pt x 213.79875pt>
File: images/time/injection.png Graphic file (type png)
<use images/time/injection.png>
Package pdftex.def Info: images/time/injection.png  used on input line 135.
(pdftex.def)             Requested size: 433.62pt x 108.40302pt.
LaTeX Info: Redefining \. on input line 141.
LaTeX Info: Redefining \% on input line 141.
LaTeX Info: Redefining \. on input line 141.
LaTeX Info: Redefining \% on input line 141.
 [4

 <./images/time/injection.png>]
<images/time/reverse_shell.png, id=161, 1267.73625pt x 561.09625pt>
File: images/time/reverse_shell.png Graphic file (type png)
<use images/time/reverse_shell.png>
Package pdftex.def Info: images/time/reverse_shell.png  used on input line 144.
(pdftex.def)             Requested size: 433.62pt x 191.91745pt.
<images/time/server.png, id=162, 771.88374pt x 165.61874pt>
File: images/time/server.png Graphic file (type png)
<use images/time/server.png>
Package pdftex.def Info: images/time/server.png  used on input line 152.
(pdftex.def)             Requested size: 433.62pt x 93.039pt.
<images/time/comando.png, id=163, 705.63625pt x 79.29625pt>
File: images/time/comando.png Graphic file (type png)
<use images/time/comando.png>
Package pdftex.def Info: images/time/comando.png  used on input line 161.
(pdftex.def)             Requested size: 433.62pt x 48.72878pt.
<images/time/ejecucion.png, id=164, 385.44pt x 217.81375pt>
File: images/time/ejecucion.png Graphic file (type png)
<use images/time/ejecucion.png>
Package pdftex.def Info: images/time/ejecucion.png  used on input line 166.
(pdftex.def)             Requested size: 303.53267pt x 171.5259pt.
LaTeX Info: Redefining \. on input line 169.
LaTeX Info: Redefining \% on input line 169.
LaTeX Info: Redefining \. on input line 169.
LaTeX Info: Redefining \% on input line 169.
 [5 <./images/time/reverse_shell.png> <./images/time/server.png> <./images/time/comando.png>]
<images/time/acceso.png, id=175, 560.0925pt x 180.675pt>
File: images/time/acceso.png Graphic file (type png)
<use images/time/acceso.png>
Package pdftex.def Info: images/time/acceso.png  used on input line 172.
(pdftex.def)             Requested size: 433.62pt x 139.88382pt.
LaTeX Info: Redefining \. on input line 186.
LaTeX Info: Redefining \% on input line 186.
LaTeX Info: Redefining \. on input line 186.
LaTeX Info: Redefining \% on input line 186.
 [6 <./images/time/ejecucion.png> <./images/time/acceso.png>]
<images/jarvis/1.png, id=185, 568.37344pt x 306.39468pt>
File: images/jarvis/1.png Graphic file (type png)
<use images/jarvis/1.png>
Package pdftex.def Info: images/jarvis/1.png  used on input line 192.
(pdftex.def)             Requested size: 433.62pt x 233.76001pt.
<images/jarvis/2.png, id=186, 855.94781pt x 529.22719pt>
File: images/jarvis/2.png Graphic file (type png)
<use images/jarvis/2.png>
Package pdftex.def Info: images/jarvis/2.png  used on input line 199.
(pdftex.def)             Requested size: 346.89731pt x 214.48119pt.
<images/jarvis/3.png, id=187, 470.50781pt x 514.92375pt>
File: images/jarvis/3.png Graphic file (type png)
<use images/jarvis/3.png>
Package pdftex.def Info: images/jarvis/3.png  used on input line 204.
(pdftex.def)             Requested size: 216.81pt x 237.27637pt.
LaTeX Info: Redefining \. on input line 207.
LaTeX Info: Redefining \% on input line 207.
 [7

 <./images/jarvis/1.png> <./images/jarvis/2.png>]
<images/jarvis/4.png, id=196, 586.44093pt x 377.15906pt>
File: images/jarvis/4.png Graphic file (type png)
<use images/jarvis/4.png>
Package pdftex.def Info: images/jarvis/4.png  used on input line 211.
(pdftex.def)             Requested size: 433.62pt x 278.87465pt.
<images/jarvis/5.png, id=197, 645.91313pt x 386.94562pt>
File: images/jarvis/5.png Graphic file (type png)
<use images/jarvis/5.png>
Package pdftex.def Info: images/jarvis/5.png  used on input line 218.
(pdftex.def)             Requested size: 433.62pt x 259.76588pt.
LaTeX Info: Redefining \. on input line 220.
LaTeX Info: Redefining \% on input line 220.
LaTeX Info: Redefining \. on input line 220.
LaTeX Info: Redefining \% on input line 220.
 [8 <./images/jarvis/3.png> <./images/jarvis/4.png>]
<images/jarvis/6.png, id=206, 565.36218pt x 33.87656pt>
File: images/jarvis/6.png Graphic file (type png)
<use images/jarvis/6.png>
Package pdftex.def Info: images/jarvis/6.png  used on input line 227.
(pdftex.def)             Requested size: 433.62pt x 25.98318pt.
<images/jarvis/7.png, id=207, 303.38344pt x 243.15843pt>
File: images/jarvis/7.png Graphic file (type png)
<use images/jarvis/7.png>
Package pdftex.def Info: images/jarvis/7.png  used on input line 232.
(pdftex.def)             Requested size: 216.81pt x 173.77162pt.
LaTeX Info: Redefining \. on input line 235.
LaTeX Info: Redefining \% on input line 235.
LaTeX Info: Redefining \. on input line 235.
LaTeX Info: Redefining \% on input line 235.
 [9 <./images/jarvis/5.png> <./images/jarvis/6.png>]
<images/jarvis/8.png, id=216, 761.84625pt x 291.33844pt>
File: images/jarvis/8.png Graphic file (type png)
<use images/jarvis/8.png>
Package pdftex.def Info: images/jarvis/8.png  used on input line 239.
(pdftex.def)             Requested size: 433.62pt x 165.82013pt.
<images/jarvis/9.png, id=217, 652.68843pt x 39.89906pt>
File: images/jarvis/9.png Graphic file (type png)
<use images/jarvis/9.png>
Package pdftex.def Info: images/jarvis/9.png  used on input line 246.
(pdftex.def)             Requested size: 433.62pt x 26.50816pt.
<images/jarvis/10.png, id=218, 646.66594pt x 42.91031pt>
File: images/jarvis/10.png Graphic file (type png)
<use images/jarvis/10.png>
Package pdftex.def Info: images/jarvis/10.png  used on input line 251.
(pdftex.def)             Requested size: 433.62pt x 28.77332pt.
<images/jarvis/11.png, id=219, 674.52pt x 76.78688pt>
File: images/jarvis/11.png Graphic file (type png)
<use images/jarvis/11.png>
Package pdftex.def Info: images/jarvis/11.png  used on input line 258.
(pdftex.def)             Requested size: 433.62pt x 49.3637pt.
LaTeX Info: Redefining \. on input line 260.
LaTeX Info: Redefining \% on input line 260.
LaTeX Info: Redefining \. on input line 260.
LaTeX Info: Redefining \% on input line 260.
 [10 <./images/jarvis/7.png> <./images/jarvis/8.png> <./images/jarvis/9.png> <./images/jarvis/10.png>]
<images/jarvis/12.png, id=232, 375.65344pt x 78.2925pt>
File: images/jarvis/12.png Graphic file (type png)
<use images/jarvis/12.png>
Package pdftex.def Info: images/jarvis/12.png  used on input line 265.
(pdftex.def)             Requested size: 346.89731pt x 72.30353pt.
<images/jarvis/13.png, id=233, 380.92313pt x 353.82187pt>
File: images/jarvis/13.png Graphic file (type png)
<use images/jarvis/13.png>
Package pdftex.def Info: images/jarvis/13.png  used on input line 274.
(pdftex.def)             Requested size: 346.89731pt x 322.22675pt.
LaTeX Info: Redefining \. on input line 277.
LaTeX Info: Redefining \% on input line 277.
LaTeX Info: Redefining \. on input line 277.
LaTeX Info: Redefining \% on input line 277.
 [11 <./images/jarvis/11.png> <./images/jarvis/12.png>]
<images/jarvis/14.png, id=242, 560.0925pt x 25.59563pt>
File: images/jarvis/14.png Graphic file (type png)
<use images/jarvis/14.png>
Package pdftex.def Info: images/jarvis/14.png  used on input line 281.
(pdftex.def)             Requested size: 433.62pt x 19.81686pt.
<images/jarvis/15.png, id=243, 520.19344pt x 193.47281pt>
File: images/jarvis/15.png Graphic file (type png)
<use images/jarvis/15.png>
Package pdftex.def Info: images/jarvis/15.png  used on input line 285.
(pdftex.def)             Requested size: 433.62pt x 161.2732pt.
<images/jarvis/16.png, id=244, 368.87813pt x 56.46094pt>
File: images/jarvis/16.png Graphic file (type png)
<use images/jarvis/16.png>
Package pdftex.def Info: images/jarvis/16.png  used on input line 292.
(pdftex.def)             Requested size: 346.89731pt x 53.09653pt.
LaTeX Info: Redefining \. on input line 294.
LaTeX Info: Redefining \% on input line 294.
LaTeX Info: Redefining \. on input line 294.
LaTeX Info: Redefining \% on input line 294.
 [12 <./images/jarvis/13.png> <./images/jarvis/14.png> <./images/jarvis/15.png>]
<images/jarvis/17.png, id=256, 204.01219pt x 36.88782pt>
File: images/jarvis/17.png Graphic file (type png)
<use images/jarvis/17.png>
Package pdftex.def Info: images/jarvis/17.png  used on input line 299.
(pdftex.def)             Requested size: 260.17464pt x 47.0451pt.
<images/jarvis/18.png, id=257, 452.4403pt x 73.02281pt>
File: images/jarvis/18.png Graphic file (type png)
<use images/jarvis/18.png>
Package pdftex.def Info: images/jarvis/18.png  used on input line 307.
(pdftex.def)             Requested size: 433.62pt x 69.9852pt.
<images/jarvis/19.png, id=258, 563.85657pt x 251.43938pt>
File: images/jarvis/19.png Graphic file (type png)
<use images/jarvis/19.png>
Package pdftex.def Info: images/jarvis/19.png  used on input line 314.
(pdftex.def)             Requested size: 433.62pt x 193.36336pt.
LaTeX Info: Redefining \. on input line 317.
LaTeX Info: Redefining \% on input line 317.
LaTeX Info: Redefining \. on input line 317.
LaTeX Info: Redefining \% on input line 317.
 [13 <./images/jarvis/16.png> <./images/jarvis/17.png> <./images/jarvis/18.png>]
<images/jarvis/20.png, id=269, 481.04718pt x 390.70969pt>
File: images/jarvis/20.png Graphic file (type png)
<use images/jarvis/20.png>
Package pdftex.def Info: images/jarvis/20.png  used on input line 321.
(pdftex.def)             Requested size: 433.62pt x 352.19586pt.
<images/jarvis/21.png, id=270, 375.65344pt x 57.96657pt>
File: images/jarvis/21.png Graphic file (type png)
<use images/jarvis/21.png>
Package pdftex.def Info: images/jarvis/21.png  used on input line 328.
(pdftex.def)             Requested size: 346.89731pt x 53.53242pt.
LaTeX Info: Redefining \. on input line 330.
LaTeX Info: Redefining \% on input line 330.
LaTeX Info: Redefining \. on input line 330.
LaTeX Info: Redefining \% on input line 330.
 [14 <./images/jarvis/19.png> <./images/jarvis/20.png>]
<images/jarvis/22.png, id=279, 289.83281pt x 65.49469pt>
File: images/jarvis/22.png Graphic file (type png)
<use images/jarvis/22.png>
Package pdftex.def Info: images/jarvis/22.png  used on input line 335.
(pdftex.def)             Requested size: 303.53267pt x 68.59453pt.
<images/jarvis/23.png, id=280, 204.765pt x 39.14626pt>
File: images/jarvis/23.png Graphic file (type png)
<use images/jarvis/23.png>
Package pdftex.def Info: images/jarvis/23.png  used on input line 339.
(pdftex.def)             Requested size: 303.53267pt x 58.03229pt.
LaTeX Info: Redefining \. on input line 349.
LaTeX Info: Redefining \% on input line 349.
LaTeX Info: Redefining \. on input line 349.
LaTeX Info: Redefining \% on input line 349.
 [15 <./images/jarvis/21.png> <./images/jarvis/22.png> <./images/jarvis/23.png>]
<images/forest/escaneo_nmap.png, id=291, 1192.455pt x 703.12688pt>
File: images/forest/escaneo_nmap.png Graphic file (type png)
<use images/forest/escaneo_nmap.png>
Package pdftex.def Info: images/forest/escaneo_nmap.png  used on input line 362.
(pdftex.def)             Requested size: 433.62pt x 255.67894pt.
LaTeX Info: Redefining \. on input line 380.
LaTeX Info: Redefining \% on input line 380.
 [16

 <./images/forest/escaneo_nmap.png>]
<images/forest/conexion_rpc.png, id=298, 550.30594pt x 62.48344pt>
File: images/forest/conexion_rpc.png Graphic file (type png)
<use images/forest/conexion_rpc.png>
Package pdftex.def Info: images/forest/conexion_rpc.png  used on input line 383.
(pdftex.def)             Requested size: 216.81pt x 24.61728pt.
<images/forest/usuarios_rpc.png, id=299, 423.08063pt x 687.31781pt>
File: images/forest/usuarios_rpc.png Graphic file (type png)
<use images/forest/usuarios_rpc.png>
Package pdftex.def Info: images/forest/usuarios_rpc.png  used on input line 391.
(pdftex.def)             Requested size: 216.81pt x 352.21594pt.
<images/forest/archivo_userForest.txt.png, id=300, 433.62pt x 316.18124pt>
File: images/forest/archivo_userForest.txt.png Graphic file (type png)
<use images/forest/archivo_userForest.txt.png>
Package pdftex.def Info: images/forest/archivo_userForest.txt.png  used on input line 401.
(pdftex.def)             Requested size: 216.81pt x 158.09023pt.
LaTeX Info: Redefining \. on input line 404.
LaTeX Info: Redefining \% on input line 404.
LaTeX Info: Redefining \. on input line 404.
LaTeX Info: Redefining \% on input line 404.
 [17 <./images/forest/conexion_rpc.png> <./images/forest/usuarios_rpc.png>]
<images/forest/ticket-NPUsers-.png, id=309, 1897.84032pt x 341.02406pt>
File: images/forest/ticket-NPUsers-.png Graphic file (type png)
<use images/forest/ticket-NPUsers-.png>
Package pdftex.def Info: images/forest/ticket-NPUsers-.png  used on input line 409.
(pdftex.def)             Requested size: 433.62pt x 77.91351pt.
<images/forest/crackeado.png, id=310, 984.67876pt x 215.30438pt>
File: images/forest/crackeado.png Graphic file (type png)
<use images/forest/crackeado.png>
Package pdftex.def Info: images/forest/crackeado.png  used on input line 417.
(pdftex.def)             Requested size: 433.62pt x 94.81306pt.
<images/forest/probando_creds.png, id=311, 989.19562pt x 435.87843pt>
File: images/forest/probando_creds.png Graphic file (type png)
<use images/forest/probando_creds.png>
Package pdftex.def Info: images/forest/probando_creds.png  used on input line 425.
(pdftex.def)             Requested size: 433.62pt x 191.06879pt.
LaTeX Info: Redefining \. on input line 428.
LaTeX Info: Redefining \% on input line 428.
LaTeX Info: Redefining \. on input line 428.
LaTeX Info: Redefining \% on input line 428.
 [18 <./images/forest/archivo_userForest.txt.png> <./images/forest/ticket-NPUsers-.png> <./images/forest/crackeado.png>]
<images/forest/conexionConWinRM.png, id=323, 1333.98375pt x 239.39438pt>
File: images/forest/conexionConWinRM.png Graphic file (type png)
<use images/forest/conexionConWinRM.png>
Package pdftex.def Info: images/forest/conexionConWinRM.png  used on input line 433.
(pdftex.def)             Requested size: 433.62pt x 77.81685pt.
<images/forest/obtenida la hash de alfresco.png, id=324, 612.78937pt x 48.93282pt>
File: images/forest/obtenida la hash de alfresco.png Graphic file (type png)
<use images/forest/obtenida la hash de alfresco.png>
Package pdftex.def Info: images/forest/obtenida la hash de alfresco.png  used on input line 441.
(pdftex.def)             Requested size: 433.62pt x 34.6253pt.
<images/forest/iniciando_neo4j.png, id=325, 899.61093pt x 640.64343pt>
File: images/forest/iniciando_neo4j.png Graphic file (type png)
<use images/forest/iniciando_neo4j.png>
Package pdftex.def Info: images/forest/iniciando_neo4j.png  used on input line 454.
(pdftex.def)             Requested size: 433.62pt x 308.7957pt.
LaTeX Info: Redefining \. on input line 457.
LaTeX Info: Redefining \% on input line 457.
LaTeX Info: Redefining \. on input line 457.
LaTeX Info: Redefining \% on input line 457.
 [19 <./images/forest/probando_creds.png> <./images/forest/conexionConWinRM.png> <./images/forest/obtenida la hash de alfresco.png>]
<images/forest/primeraconexionNeo4j.png, id=336, 1177.39874pt x 569.87906pt>
File: images/forest/primeraconexionNeo4j.png Graphic file (type png)
<use images/forest/primeraconexionNeo4j.png>
Package pdftex.def Info: images/forest/primeraconexionNeo4j.png  used on input line 463.
(pdftex.def)             Requested size: 433.62pt x 209.87804pt.

Overfull \hbox (2.50587pt too wide) in paragraph at lines 467--469
\OT1/cmr/m/n/10 https://github.com/fox-it/BloodHound.py. Tam-bien sera ne-ce-sa-rio des-car-gar la in-te-faz grafi-ca (GUI),
 []

LaTeX Info: Redefining \. on input line 469.
LaTeX Info: Redefining \% on input line 469.
LaTeX Info: Redefining \. on input line 469.
LaTeX Info: Redefining \% on input line 469.
[20 <./images/forest/iniciando_neo4j.png> <./images/forest/primeraconexionNeo4j.png>]
<images/forest/descargando-elgui.png, id=345, 870.25125pt x 487.06969pt>
File: images/forest/descargando-elgui.png Graphic file (type png)
<use images/forest/descargando-elgui.png>
Package pdftex.def Info: images/forest/descargando-elgui.png  used on input line 472.
(pdftex.def)             Requested size: 433.62pt x 242.69441pt.
<images/forest/interfaz_bloodhound.png, id=346, 423.08063pt x 319.1925pt>
File: images/forest/interfaz_bloodhound.png Graphic file (type png)
<use images/forest/interfaz_bloodhound.png>
Package pdftex.def Info: images/forest/interfaz_bloodhound.png  used on input line 480.
(pdftex.def)             Requested size: 216.81pt x 163.57016pt.
<images/forest/ejecutandobloodhound.py.png, id=347, 898.85812pt x 331.2375pt>
File: images/forest/ejecutandobloodhound.py.png Graphic file (type png)
<use images/forest/ejecutandobloodhound.py.png>
Package pdftex.def Info: images/forest/ejecutandobloodhound.py.png  used on input line 488.
(pdftex.def)             Requested size: 433.62pt x 159.79076pt.
LaTeX Info: Redefining \. on input line 491.
LaTeX Info: Redefining \% on input line 491.
LaTeX Info: Redefining \. on input line 491.
LaTeX Info: Redefining \% on input line 491.
 [21 <./images/forest/descargando-elgui.png> <./images/forest/interfaz_bloodhound.png>]
Overfull \hbox (7.57518pt too wide) in paragraph at lines 492--493
[]\OT1/cmr/m/n/10 Tras la eje-cu-cion ten-dre-mos al-gu-nos ar-chi-vos .json que se han crea-do en el di-rec-to-rio de BloodHound.py,
 []

<images/forest/CargandoLosJson.png, id=356, 915.42pt x 1032.10594pt>
File: images/forest/CargandoLosJson.png Graphic file (type png)
<use images/forest/CargandoLosJson.png>
Package pdftex.def Info: images/forest/CargandoLosJson.png  used on input line 496.
(pdftex.def)             Requested size: 216.81pt x 244.43477pt.
<images/forest/pertenencia_al_grupo_operators.png, id=357, 1927.2pt x 1084.05pt>
File: images/forest/pertenencia_al_grupo_operators.png Graphic file (type png)
<use images/forest/pertenencia_al_grupo_operators.png>
Package pdftex.def Info: images/forest/pertenencia_al_grupo_operators.png  used on input line 504.
(pdftex.def)             Requested size: 433.62pt x 243.90073pt.
LaTeX Info: Redefining \. on input line 507.
LaTeX Info: Redefining \% on input line 507.
LaTeX Info: Redefining \. on input line 507.
LaTeX Info: Redefining \% on input line 507.
[22 <./images/forest/ejecutandobloodhound.py.png> <./images/forest/CargandoLosJson.png>]
Overfull \hbox (182.49223pt too wide) in paragraph at lines 510--511
[]\OT1/cmr/m/n/10 Podemos ob-te-ner Po-wer-View del si-guien-te re-po-si-to-rio: https://github.com/PowerShellMafia/PowerSploit/blob/master/Recon/PowerView.ps1.
 []

<images/forest/cargamos_powerviewwer.png, id=366, 985.43156pt x 199.49532pt>
File: images/forest/cargamos_powerviewwer.png Graphic file (type png)
<use images/forest/cargamos_powerviewwer.png>
Package pdftex.def Info: images/forest/cargamos_powerviewwer.png  used on input line 514.
(pdftex.def)             Requested size: 433.62pt x 87.78429pt.
<images/forest/creando-usuario-nuevo-chetao.png, id=367, 986.9372pt x 256.70906pt>
File: images/forest/creando-usuario-nuevo-chetao.png Graphic file (type png)
<use images/forest/creando-usuario-nuevo-chetao.png>
Package pdftex.def Info: images/forest/creando-usuario-nuevo-chetao.png  used on input line 522.
(pdftex.def)             Requested size: 433.62pt x 112.78781pt.
LaTeX Info: Redefining \. on input line 525.
LaTeX Info: Redefining \% on input line 525.
LaTeX Info: Redefining \. on input line 525.
LaTeX Info: Redefining \% on input line 525.
[23 <./images/forest/pertenencia_al_grupo_operators.png> <./images/forest/cargamos_powerviewwer.png>]
<images/forest/modificnadoWinRM-Bypoass.png, id=376, 764.10469pt x 514.92375pt>
File: images/forest/modificnadoWinRM-Bypoass.png Graphic file (type png)
<use images/forest/modificnadoWinRM-Bypoass.png>
Package pdftex.def Info: images/forest/modificnadoWinRM-Bypoass.png  used on input line 530.
(pdftex.def)             Requested size: 433.62pt x 292.21317pt.
<images/forest/definiendo_variables_para_permisosusuarionuevo.png, id=377, 977.90344pt x 88.07906pt>
File: images/forest/definiendo_variables_para_permisosusuarionuevo.png Graphic file (type png)
<use images/forest/definiendo_variables_para_permisosusuarionuevo.png>
Package pdftex.def Info: images/forest/definiendo_variables_para_permisosusuarionuevo.png  used on input line 538.
(pdftex.def)             Requested size: 433.62pt x 39.05594pt.
<images/forest/importando el powerview.png, id=378, 983.92593pt x 103.88812pt>
File: images/forest/importando el powerview.png Graphic file (type png)
<use images/forest/importando el powerview.png>
Package pdftex.def Info: images/forest/importando el powerview.png  used on input line 546.
(pdftex.def)             Requested size: 433.62pt x 45.78383pt.
LaTeX Info: Redefining \. on input line 548.
LaTeX Info: Redefining \% on input line 548.
LaTeX Info: Redefining \. on input line 548.
LaTeX Info: Redefining \% on input line 548.
 [24 <./images/forest/creando-usuario-nuevo-chetao.png> <./images/forest/modificnadoWinRM-Bypoass.png> <./images/forest/definiendo_variables_para_permisosusuarionuevo.png>]
<images/forest/usando_secretsdump_hashes.png, id=391, 977.90344pt x 338.01282pt>
File: images/forest/usando_secretsdump_hashes.png Graphic file (type png)
<use images/forest/usando_secretsdump_hashes.png>
Package pdftex.def Info: images/forest/usando_secretsdump_hashes.png  used on input line 554.
(pdftex.def)             Requested size: 433.62pt x 149.88141pt.
<images/forest/escalado_a_root.png, id=392, 991.45406pt x 408.02437pt>
File: images/forest/escalado_a_root.png Graphic file (type png)
<use images/forest/escalado_a_root.png>
Package pdftex.def Info: images/forest/escalado_a_root.png  used on input line 562.
(pdftex.def)             Requested size: 433.62pt x 178.4542pt.
<images/forest/rootflag.png, id=393, 517.18219pt x 62.48344pt>
File: images/forest/rootflag.png Graphic file (type png)
<use images/forest/rootflag.png>
Package pdftex.def Info: images/forest/rootflag.png  used on input line 570.
(pdftex.def)             Requested size: 216.81pt x 26.19423pt.
LaTeX Info: Redefining \. on input line 573.
LaTeX Info: Redefining \% on input line 573.
LaTeX Info: Redefining \. on input line 573.
LaTeX Info: Redefining \% on input line 573.
 [25 <./images/forest/importando el powerview.png> <./images/forest/usando_secretsdump_hashes.png> <./images/forest/escalado_a_root.png>]
<images/forest/Post_Msf_latool.png, id=404, 974.13937pt x 266.49562pt>
File: images/forest/Post_Msf_latool.png Graphic file (type png)
<use images/forest/Post_Msf_latool.png>
Package pdftex.def Info: images/forest/Post_Msf_latool.png  used on input line 586.
(pdftex.def)             Requested size: 216.81pt x 59.31236pt.
<images/forest/creando la sesion.png, id=405, 1888.80656pt x 639.13782pt>
File: images/forest/creando la sesion.png Graphic file (type png)
<use images/forest/creando la sesion.png>
Package pdftex.def Info: images/forest/creando la sesion.png  used on input line 594.
(pdftex.def)             Requested size: 216.81pt x 73.35788pt.
<images/forest/sesion_creada.png, id=406, 1024.57782pt x 266.49562pt>
File: images/forest/sesion_creada.png Graphic file (type png)
<use images/forest/sesion_creada.png>
Package pdftex.def Info: images/forest/sesion_creada.png  used on input line 602.
(pdftex.def)             Requested size: 216.81pt x 56.3927pt.
<images/forest/Gues_como_admin.png, id=407, 752.0597pt x 310.91156pt>
File: images/forest/Gues_como_admin.png Graphic file (type png)
<use images/forest/Gues_como_admin.png>
Package pdftex.def Info: images/forest/Gues_como_admin.png  used on input line 613.
(pdftex.def)             Requested size: 216.81pt x 89.63069pt.
LaTeX Info: Redefining \. on input line 615.
LaTeX Info: Redefining \% on input line 615.
LaTeX Info: Redefining \. on input line 615.
LaTeX Info: Redefining \% on input line 615.
 [26 <./images/forest/rootflag.png> <./images/forest/Post_Msf_latool.png> <./images/forest/creando la sesion.png> <./images/forest/sesion_creada.png>]
LaTeX Info: Redefining \. on input line 626.
LaTeX Info: Redefining \% on input line 626.
LaTeX Info: Redefining \. on input line 626.
LaTeX Info: Redefining \% on input line 626.
 [27 <./images/forest/Gues_como_admin.png>] (Informe3.aux (caratula/Caratula.aux)
LaTeX Info: Redefining \. on input line 26.
LaTeX Info: Redefining \% on input line 26.
)
Package rerunfilecheck Info: File `Informe3.out' has not changed.
(rerunfilecheck)             Checksum: 9DCB3744598D9F51AE2F630BB449A0B9;2237.
 ) 
Here is how much of TeX's memory you used:
 15147 strings out of 478927
 238604 string characters out of 2852534
 659133 words of memory out of 3000000
 32620 multiletter control sequences out of 15000+600000
 406374 words of font info for 37 fonts, out of 8000000 for 9000
 1141 hyphenation exceptions out of 8191
 62i,13n,75p,547b,1204s stack positions out of 5000i,500n,10000p,200000b,80000s
<C:/Users/lemon/AppData/Local/Programs/MiKTeX/fonts/type1/public/amsfonts/cm/cmbx10.pfb><C:/Users/lemon/AppData/Local/Programs/MiKTeX/fonts/type1/public/amsfonts/cm/cmbx12.pfb><C:/Users/lemon/AppData/Local/Programs/MiKTeX/fonts/type1/public/amsfonts/cm/cmr10.pfb><C:/Users/lemon/AppData/Local/Programs/MiKTeX/fonts/type1/public/amsfonts/cm/cmr12.pfb><C:/Users/lemon/AppData/Local/Programs/MiKTeX/fonts/type1/public/amsfonts/cm/cmr7.pfb><C:/Users/lemon/AppData/Local/Programs/MiKTeX/fonts/type1/public/amsfonts/cm/cmsl10.pfb><C:/Users/lemon/AppData/Local/Programs/MiKTeX/fonts/type1/public/amsfonts/cm/cmtt8.pfb>
Output written on Informe3.pdf (28 pages, 6126117 bytes).
PDF statistics:
 485 PDF objects out of 1000 (max. 8388607)
 128 named destinations out of 1000 (max. 500000)
 455 words of extra memory for PDF output out of 10000 (max. 10000000)

